[2023-02-25T16:13:41.675+0000] {processor.py:153} INFO - Started process (PID=161) to work on /opt/airflow/dags/json_to_sql_dag.py
[2023-02-25T16:13:41.681+0000] {processor.py:743} INFO - Processing file /opt/airflow/dags/json_to_sql_dag.py for tasks to queue
[2023-02-25T16:13:41.688+0000] {logging_mixin.py:137} INFO - [2023-02-25T16:13:41.688+0000] {dagbag.py:538} INFO - Filling up the DagBag from /opt/airflow/dags/json_to_sql_dag.py
[2023-02-25T16:13:43.875+0000] {processor.py:753} INFO - DAG(s) dict_keys(['ETL']) retrieved from /opt/airflow/dags/json_to_sql_dag.py
[2023-02-25T16:13:44.162+0000] {logging_mixin.py:137} INFO - [2023-02-25T16:13:44.162+0000] {manager.py:504} INFO - Created Permission View: can delete on DAG:ETL
[2023-02-25T16:13:44.181+0000] {logging_mixin.py:137} INFO - [2023-02-25T16:13:44.181+0000] {manager.py:504} INFO - Created Permission View: can edit on DAG:ETL
[2023-02-25T16:13:44.195+0000] {logging_mixin.py:137} INFO - [2023-02-25T16:13:44.195+0000] {manager.py:504} INFO - Created Permission View: can read on DAG:ETL
[2023-02-25T16:13:44.197+0000] {logging_mixin.py:137} INFO - [2023-02-25T16:13:44.196+0000] {dag.py:2676} INFO - Sync 1 DAGs
[2023-02-25T16:13:44.235+0000] {logging_mixin.py:137} INFO - [2023-02-25T16:13:44.234+0000] {dag.py:2697} INFO - Creating ORM DAG for ETL
[2023-02-25T16:13:44.267+0000] {logging_mixin.py:137} INFO - [2023-02-25T16:13:44.266+0000] {dag.py:3423} INFO - Setting next_dagrun for ETL to 2022-01-01T00:00:00+00:00, run_after=2022-01-02T00:00:00+00:00
[2023-02-25T16:13:44.314+0000] {processor.py:175} INFO - Processing /opt/airflow/dags/json_to_sql_dag.py took 2.654 seconds
[2023-02-25T16:14:14.690+0000] {processor.py:153} INFO - Started process (PID=168) to work on /opt/airflow/dags/json_to_sql_dag.py
[2023-02-25T16:14:14.696+0000] {processor.py:743} INFO - Processing file /opt/airflow/dags/json_to_sql_dag.py for tasks to queue
[2023-02-25T16:14:14.699+0000] {logging_mixin.py:137} INFO - [2023-02-25T16:14:14.698+0000] {dagbag.py:538} INFO - Filling up the DagBag from /opt/airflow/dags/json_to_sql_dag.py
[2023-02-25T16:14:15.345+0000] {processor.py:753} INFO - DAG(s) dict_keys(['ETL']) retrieved from /opt/airflow/dags/json_to_sql_dag.py
[2023-02-25T16:14:15.413+0000] {logging_mixin.py:137} INFO - [2023-02-25T16:14:15.412+0000] {dag.py:2676} INFO - Sync 1 DAGs
[2023-02-25T16:14:15.445+0000] {logging_mixin.py:137} INFO - [2023-02-25T16:14:15.445+0000] {dag.py:3423} INFO - Setting next_dagrun for ETL to 2022-01-01T00:00:00+00:00, run_after=2022-01-02T00:00:00+00:00
[2023-02-25T16:14:15.477+0000] {processor.py:175} INFO - Processing /opt/airflow/dags/json_to_sql_dag.py took 0.793 seconds
[2023-02-25T16:14:45.783+0000] {processor.py:153} INFO - Started process (PID=174) to work on /opt/airflow/dags/json_to_sql_dag.py
[2023-02-25T16:14:45.788+0000] {processor.py:743} INFO - Processing file /opt/airflow/dags/json_to_sql_dag.py for tasks to queue
[2023-02-25T16:14:45.791+0000] {logging_mixin.py:137} INFO - [2023-02-25T16:14:45.791+0000] {dagbag.py:538} INFO - Filling up the DagBag from /opt/airflow/dags/json_to_sql_dag.py
[2023-02-25T16:14:46.730+0000] {processor.py:753} INFO - DAG(s) dict_keys(['ETL']) retrieved from /opt/airflow/dags/json_to_sql_dag.py
[2023-02-25T16:14:46.795+0000] {logging_mixin.py:137} INFO - [2023-02-25T16:14:46.794+0000] {dag.py:2676} INFO - Sync 1 DAGs
[2023-02-25T16:14:46.828+0000] {logging_mixin.py:137} INFO - [2023-02-25T16:14:46.828+0000] {dag.py:3423} INFO - Setting next_dagrun for ETL to 2022-01-01T00:00:00+00:00, run_after=2022-01-02T00:00:00+00:00
[2023-02-25T16:14:46.860+0000] {processor.py:175} INFO - Processing /opt/airflow/dags/json_to_sql_dag.py took 1.082 seconds
[2023-02-25T16:15:17.756+0000] {processor.py:153} INFO - Started process (PID=180) to work on /opt/airflow/dags/json_to_sql_dag.py
[2023-02-25T16:15:17.767+0000] {processor.py:743} INFO - Processing file /opt/airflow/dags/json_to_sql_dag.py for tasks to queue
[2023-02-25T16:15:17.772+0000] {logging_mixin.py:137} INFO - [2023-02-25T16:15:17.771+0000] {dagbag.py:538} INFO - Filling up the DagBag from /opt/airflow/dags/json_to_sql_dag.py
[2023-02-25T16:15:19.212+0000] {processor.py:753} INFO - DAG(s) dict_keys(['ETL']) retrieved from /opt/airflow/dags/json_to_sql_dag.py
[2023-02-25T16:15:19.286+0000] {logging_mixin.py:137} INFO - [2023-02-25T16:15:19.285+0000] {dag.py:2676} INFO - Sync 1 DAGs
[2023-02-25T16:15:19.332+0000] {logging_mixin.py:137} INFO - [2023-02-25T16:15:19.332+0000] {dag.py:3423} INFO - Setting next_dagrun for ETL to 2022-01-01T00:00:00+00:00, run_after=2022-01-02T00:00:00+00:00
[2023-02-25T16:15:19.367+0000] {processor.py:175} INFO - Processing /opt/airflow/dags/json_to_sql_dag.py took 1.623 seconds
[2023-02-25T16:15:49.665+0000] {processor.py:153} INFO - Started process (PID=186) to work on /opt/airflow/dags/json_to_sql_dag.py
[2023-02-25T16:15:49.670+0000] {processor.py:743} INFO - Processing file /opt/airflow/dags/json_to_sql_dag.py for tasks to queue
[2023-02-25T16:15:49.673+0000] {logging_mixin.py:137} INFO - [2023-02-25T16:15:49.673+0000] {dagbag.py:538} INFO - Filling up the DagBag from /opt/airflow/dags/json_to_sql_dag.py
[2023-02-25T16:15:50.544+0000] {processor.py:753} INFO - DAG(s) dict_keys(['ETL']) retrieved from /opt/airflow/dags/json_to_sql_dag.py
[2023-02-25T16:15:50.628+0000] {logging_mixin.py:137} INFO - [2023-02-25T16:15:50.627+0000] {dag.py:2676} INFO - Sync 1 DAGs
[2023-02-25T16:15:50.681+0000] {logging_mixin.py:137} INFO - [2023-02-25T16:15:50.681+0000] {dag.py:3423} INFO - Setting next_dagrun for ETL to 2022-01-01T00:00:00+00:00, run_after=2022-01-02T00:00:00+00:00
[2023-02-25T16:15:50.717+0000] {processor.py:175} INFO - Processing /opt/airflow/dags/json_to_sql_dag.py took 1.060 seconds
[2023-02-25T16:16:20.995+0000] {processor.py:153} INFO - Started process (PID=192) to work on /opt/airflow/dags/json_to_sql_dag.py
[2023-02-25T16:16:21.000+0000] {processor.py:743} INFO - Processing file /opt/airflow/dags/json_to_sql_dag.py for tasks to queue
[2023-02-25T16:16:21.003+0000] {logging_mixin.py:137} INFO - [2023-02-25T16:16:21.003+0000] {dagbag.py:538} INFO - Filling up the DagBag from /opt/airflow/dags/json_to_sql_dag.py
[2023-02-25T16:16:21.652+0000] {processor.py:753} INFO - DAG(s) dict_keys(['ETL']) retrieved from /opt/airflow/dags/json_to_sql_dag.py
[2023-02-25T16:16:21.739+0000] {logging_mixin.py:137} INFO - [2023-02-25T16:16:21.739+0000] {dag.py:2676} INFO - Sync 1 DAGs
[2023-02-25T16:16:21.785+0000] {logging_mixin.py:137} INFO - [2023-02-25T16:16:21.784+0000] {dag.py:3423} INFO - Setting next_dagrun for ETL to 2022-01-01T00:00:00+00:00, run_after=2022-01-02T00:00:00+00:00
[2023-02-25T16:16:21.822+0000] {processor.py:175} INFO - Processing /opt/airflow/dags/json_to_sql_dag.py took 0.832 seconds
[2023-02-25T16:16:52.446+0000] {processor.py:153} INFO - Started process (PID=219) to work on /opt/airflow/dags/json_to_sql_dag.py
[2023-02-25T16:16:52.451+0000] {processor.py:743} INFO - Processing file /opt/airflow/dags/json_to_sql_dag.py for tasks to queue
[2023-02-25T16:16:52.458+0000] {logging_mixin.py:137} INFO - [2023-02-25T16:16:52.455+0000] {dagbag.py:538} INFO - Filling up the DagBag from /opt/airflow/dags/json_to_sql_dag.py
[2023-02-25T16:16:54.624+0000] {processor.py:753} INFO - DAG(s) dict_keys(['ETL']) retrieved from /opt/airflow/dags/json_to_sql_dag.py
[2023-02-25T16:16:54.806+0000] {logging_mixin.py:137} INFO - [2023-02-25T16:16:54.804+0000] {dag.py:2676} INFO - Sync 1 DAGs
[2023-02-25T16:16:54.953+0000] {processor.py:175} INFO - Processing /opt/airflow/dags/json_to_sql_dag.py took 2.520 seconds
[2023-02-25T16:17:25.363+0000] {processor.py:153} INFO - Started process (PID=237) to work on /opt/airflow/dags/json_to_sql_dag.py
[2023-02-25T16:17:25.367+0000] {processor.py:743} INFO - Processing file /opt/airflow/dags/json_to_sql_dag.py for tasks to queue
[2023-02-25T16:17:25.370+0000] {logging_mixin.py:137} INFO - [2023-02-25T16:17:25.370+0000] {dagbag.py:538} INFO - Filling up the DagBag from /opt/airflow/dags/json_to_sql_dag.py
[2023-02-25T16:17:26.619+0000] {processor.py:753} INFO - DAG(s) dict_keys(['ETL']) retrieved from /opt/airflow/dags/json_to_sql_dag.py
[2023-02-25T16:17:26.829+0000] {logging_mixin.py:137} INFO - [2023-02-25T16:17:26.825+0000] {dag.py:2676} INFO - Sync 1 DAGs
[2023-02-25T16:17:27.124+0000] {processor.py:175} INFO - Processing /opt/airflow/dags/json_to_sql_dag.py took 1.769 seconds
[2023-02-25T16:17:57.612+0000] {processor.py:153} INFO - Started process (PID=255) to work on /opt/airflow/dags/json_to_sql_dag.py
[2023-02-25T16:17:57.631+0000] {processor.py:743} INFO - Processing file /opt/airflow/dags/json_to_sql_dag.py for tasks to queue
[2023-02-25T16:17:57.636+0000] {logging_mixin.py:137} INFO - [2023-02-25T16:17:57.635+0000] {dagbag.py:538} INFO - Filling up the DagBag from /opt/airflow/dags/json_to_sql_dag.py
[2023-02-25T16:17:59.973+0000] {processor.py:753} INFO - DAG(s) dict_keys(['ETL']) retrieved from /opt/airflow/dags/json_to_sql_dag.py
[2023-02-25T16:18:00.039+0000] {logging_mixin.py:137} INFO - [2023-02-25T16:18:00.039+0000] {dag.py:2676} INFO - Sync 1 DAGs
[2023-02-25T16:18:00.105+0000] {processor.py:175} INFO - Processing /opt/airflow/dags/json_to_sql_dag.py took 2.498 seconds
[2023-02-25T16:18:30.384+0000] {processor.py:153} INFO - Started process (PID=273) to work on /opt/airflow/dags/json_to_sql_dag.py
[2023-02-25T16:18:30.391+0000] {processor.py:743} INFO - Processing file /opt/airflow/dags/json_to_sql_dag.py for tasks to queue
[2023-02-25T16:18:30.436+0000] {logging_mixin.py:137} INFO - [2023-02-25T16:18:30.431+0000] {dagbag.py:538} INFO - Filling up the DagBag from /opt/airflow/dags/json_to_sql_dag.py
[2023-02-25T16:18:31.488+0000] {processor.py:753} INFO - DAG(s) dict_keys(['ETL']) retrieved from /opt/airflow/dags/json_to_sql_dag.py
[2023-02-25T16:18:31.541+0000] {logging_mixin.py:137} INFO - [2023-02-25T16:18:31.541+0000] {dag.py:2676} INFO - Sync 1 DAGs
[2023-02-25T16:18:31.592+0000] {processor.py:175} INFO - Processing /opt/airflow/dags/json_to_sql_dag.py took 1.217 seconds
[2023-02-25T16:19:02.041+0000] {processor.py:153} INFO - Started process (PID=282) to work on /opt/airflow/dags/json_to_sql_dag.py
[2023-02-25T16:19:02.051+0000] {processor.py:743} INFO - Processing file /opt/airflow/dags/json_to_sql_dag.py for tasks to queue
[2023-02-25T16:19:02.058+0000] {logging_mixin.py:137} INFO - [2023-02-25T16:19:02.057+0000] {dagbag.py:538} INFO - Filling up the DagBag from /opt/airflow/dags/json_to_sql_dag.py
[2023-02-25T16:19:03.092+0000] {processor.py:753} INFO - DAG(s) dict_keys(['ETL']) retrieved from /opt/airflow/dags/json_to_sql_dag.py
[2023-02-25T16:19:03.204+0000] {logging_mixin.py:137} INFO - [2023-02-25T16:19:03.204+0000] {dag.py:2676} INFO - Sync 1 DAGs
[2023-02-25T16:19:03.363+0000] {processor.py:175} INFO - Processing /opt/airflow/dags/json_to_sql_dag.py took 1.338 seconds
[2023-02-25T16:19:33.771+0000] {processor.py:153} INFO - Started process (PID=288) to work on /opt/airflow/dags/json_to_sql_dag.py
[2023-02-25T16:19:33.776+0000] {processor.py:743} INFO - Processing file /opt/airflow/dags/json_to_sql_dag.py for tasks to queue
[2023-02-25T16:19:33.779+0000] {logging_mixin.py:137} INFO - [2023-02-25T16:19:33.779+0000] {dagbag.py:538} INFO - Filling up the DagBag from /opt/airflow/dags/json_to_sql_dag.py
[2023-02-25T16:19:34.578+0000] {processor.py:753} INFO - DAG(s) dict_keys(['ETL']) retrieved from /opt/airflow/dags/json_to_sql_dag.py
[2023-02-25T16:19:34.646+0000] {logging_mixin.py:137} INFO - [2023-02-25T16:19:34.645+0000] {dag.py:2676} INFO - Sync 1 DAGs
[2023-02-25T16:19:34.692+0000] {logging_mixin.py:137} INFO - [2023-02-25T16:19:34.690+0000] {dag.py:3423} INFO - Setting next_dagrun for ETL to None, run_after=None
[2023-02-25T16:19:34.725+0000] {processor.py:175} INFO - Processing /opt/airflow/dags/json_to_sql_dag.py took 0.961 seconds
[2023-02-25T16:20:05.302+0000] {processor.py:153} INFO - Started process (PID=294) to work on /opt/airflow/dags/json_to_sql_dag.py
[2023-02-25T16:20:05.306+0000] {processor.py:743} INFO - Processing file /opt/airflow/dags/json_to_sql_dag.py for tasks to queue
[2023-02-25T16:20:05.311+0000] {logging_mixin.py:137} INFO - [2023-02-25T16:20:05.310+0000] {dagbag.py:538} INFO - Filling up the DagBag from /opt/airflow/dags/json_to_sql_dag.py
[2023-02-25T16:20:06.280+0000] {processor.py:753} INFO - DAG(s) dict_keys(['ETL']) retrieved from /opt/airflow/dags/json_to_sql_dag.py
[2023-02-25T16:20:06.354+0000] {logging_mixin.py:137} INFO - [2023-02-25T16:20:06.353+0000] {dag.py:2676} INFO - Sync 1 DAGs
[2023-02-25T16:20:06.394+0000] {logging_mixin.py:137} INFO - [2023-02-25T16:20:06.393+0000] {dag.py:3423} INFO - Setting next_dagrun for ETL to None, run_after=None
[2023-02-25T16:20:06.433+0000] {processor.py:175} INFO - Processing /opt/airflow/dags/json_to_sql_dag.py took 1.140 seconds
[2023-02-25T16:20:36.568+0000] {processor.py:153} INFO - Started process (PID=300) to work on /opt/airflow/dags/json_to_sql_dag.py
[2023-02-25T16:20:36.572+0000] {processor.py:743} INFO - Processing file /opt/airflow/dags/json_to_sql_dag.py for tasks to queue
[2023-02-25T16:20:36.577+0000] {logging_mixin.py:137} INFO - [2023-02-25T16:20:36.577+0000] {dagbag.py:538} INFO - Filling up the DagBag from /opt/airflow/dags/json_to_sql_dag.py
[2023-02-25T16:20:38.517+0000] {processor.py:753} INFO - DAG(s) dict_keys(['ETL']) retrieved from /opt/airflow/dags/json_to_sql_dag.py
[2023-02-25T16:20:38.582+0000] {logging_mixin.py:137} INFO - [2023-02-25T16:20:38.582+0000] {dag.py:2676} INFO - Sync 1 DAGs
[2023-02-25T16:20:38.623+0000] {logging_mixin.py:137} INFO - [2023-02-25T16:20:38.622+0000] {dag.py:3423} INFO - Setting next_dagrun for ETL to None, run_after=None
[2023-02-25T16:20:38.657+0000] {processor.py:175} INFO - Processing /opt/airflow/dags/json_to_sql_dag.py took 2.097 seconds
[2023-02-25T16:21:09.021+0000] {processor.py:153} INFO - Started process (PID=306) to work on /opt/airflow/dags/json_to_sql_dag.py
[2023-02-25T16:21:09.024+0000] {processor.py:743} INFO - Processing file /opt/airflow/dags/json_to_sql_dag.py for tasks to queue
[2023-02-25T16:21:09.028+0000] {logging_mixin.py:137} INFO - [2023-02-25T16:21:09.027+0000] {dagbag.py:538} INFO - Filling up the DagBag from /opt/airflow/dags/json_to_sql_dag.py
[2023-02-25T16:21:09.870+0000] {processor.py:753} INFO - DAG(s) dict_keys(['ETL']) retrieved from /opt/airflow/dags/json_to_sql_dag.py
[2023-02-25T16:21:09.929+0000] {logging_mixin.py:137} INFO - [2023-02-25T16:21:09.929+0000] {dag.py:2676} INFO - Sync 1 DAGs
[2023-02-25T16:21:09.961+0000] {logging_mixin.py:137} INFO - [2023-02-25T16:21:09.961+0000] {dag.py:3423} INFO - Setting next_dagrun for ETL to None, run_after=None
[2023-02-25T16:21:09.991+0000] {processor.py:175} INFO - Processing /opt/airflow/dags/json_to_sql_dag.py took 0.976 seconds
[2023-02-25T16:21:40.357+0000] {processor.py:153} INFO - Started process (PID=312) to work on /opt/airflow/dags/json_to_sql_dag.py
[2023-02-25T16:21:40.363+0000] {processor.py:743} INFO - Processing file /opt/airflow/dags/json_to_sql_dag.py for tasks to queue
[2023-02-25T16:21:40.369+0000] {logging_mixin.py:137} INFO - [2023-02-25T16:21:40.369+0000] {dagbag.py:538} INFO - Filling up the DagBag from /opt/airflow/dags/json_to_sql_dag.py
[2023-02-25T16:21:41.539+0000] {processor.py:753} INFO - DAG(s) dict_keys(['ETL']) retrieved from /opt/airflow/dags/json_to_sql_dag.py
[2023-02-25T16:21:41.595+0000] {logging_mixin.py:137} INFO - [2023-02-25T16:21:41.594+0000] {dag.py:2676} INFO - Sync 1 DAGs
[2023-02-25T16:21:41.623+0000] {logging_mixin.py:137} INFO - [2023-02-25T16:21:41.623+0000] {dag.py:3423} INFO - Setting next_dagrun for ETL to None, run_after=None
[2023-02-25T16:21:41.652+0000] {processor.py:175} INFO - Processing /opt/airflow/dags/json_to_sql_dag.py took 1.302 seconds
[2023-02-25T16:22:12.009+0000] {processor.py:153} INFO - Started process (PID=318) to work on /opt/airflow/dags/json_to_sql_dag.py
[2023-02-25T16:22:12.014+0000] {processor.py:743} INFO - Processing file /opt/airflow/dags/json_to_sql_dag.py for tasks to queue
[2023-02-25T16:22:12.018+0000] {logging_mixin.py:137} INFO - [2023-02-25T16:22:12.017+0000] {dagbag.py:538} INFO - Filling up the DagBag from /opt/airflow/dags/json_to_sql_dag.py
[2023-02-25T16:22:13.526+0000] {processor.py:753} INFO - DAG(s) dict_keys(['ETL']) retrieved from /opt/airflow/dags/json_to_sql_dag.py
[2023-02-25T16:22:13.594+0000] {logging_mixin.py:137} INFO - [2023-02-25T16:22:13.593+0000] {dag.py:2676} INFO - Sync 1 DAGs
[2023-02-25T16:22:13.632+0000] {logging_mixin.py:137} INFO - [2023-02-25T16:22:13.632+0000] {dag.py:3423} INFO - Setting next_dagrun for ETL to None, run_after=None
[2023-02-25T16:22:13.664+0000] {processor.py:175} INFO - Processing /opt/airflow/dags/json_to_sql_dag.py took 1.662 seconds
[2023-02-25T16:22:44.003+0000] {processor.py:153} INFO - Started process (PID=324) to work on /opt/airflow/dags/json_to_sql_dag.py
[2023-02-25T16:22:44.009+0000] {processor.py:743} INFO - Processing file /opt/airflow/dags/json_to_sql_dag.py for tasks to queue
[2023-02-25T16:22:44.013+0000] {logging_mixin.py:137} INFO - [2023-02-25T16:22:44.013+0000] {dagbag.py:538} INFO - Filling up the DagBag from /opt/airflow/dags/json_to_sql_dag.py
[2023-02-25T16:22:44.830+0000] {processor.py:753} INFO - DAG(s) dict_keys(['ETL']) retrieved from /opt/airflow/dags/json_to_sql_dag.py
[2023-02-25T16:22:44.890+0000] {logging_mixin.py:137} INFO - [2023-02-25T16:22:44.890+0000] {dag.py:2676} INFO - Sync 1 DAGs
[2023-02-25T16:22:44.928+0000] {logging_mixin.py:137} INFO - [2023-02-25T16:22:44.927+0000] {dag.py:3423} INFO - Setting next_dagrun for ETL to None, run_after=None
[2023-02-25T16:22:44.962+0000] {processor.py:175} INFO - Processing /opt/airflow/dags/json_to_sql_dag.py took 0.965 seconds
[2023-02-25T16:23:15.294+0000] {processor.py:153} INFO - Started process (PID=330) to work on /opt/airflow/dags/json_to_sql_dag.py
[2023-02-25T16:23:15.298+0000] {processor.py:743} INFO - Processing file /opt/airflow/dags/json_to_sql_dag.py for tasks to queue
[2023-02-25T16:23:15.303+0000] {logging_mixin.py:137} INFO - [2023-02-25T16:23:15.301+0000] {dagbag.py:538} INFO - Filling up the DagBag from /opt/airflow/dags/json_to_sql_dag.py
[2023-02-25T16:23:16.211+0000] {processor.py:753} INFO - DAG(s) dict_keys(['ETL']) retrieved from /opt/airflow/dags/json_to_sql_dag.py
[2023-02-25T16:23:16.302+0000] {logging_mixin.py:137} INFO - [2023-02-25T16:23:16.301+0000] {dag.py:2676} INFO - Sync 1 DAGs
[2023-02-25T16:23:16.380+0000] {logging_mixin.py:137} INFO - [2023-02-25T16:23:16.380+0000] {dag.py:3423} INFO - Setting next_dagrun for ETL to None, run_after=None
[2023-02-25T16:23:16.412+0000] {processor.py:175} INFO - Processing /opt/airflow/dags/json_to_sql_dag.py took 1.124 seconds
[2023-02-25T16:23:46.667+0000] {processor.py:153} INFO - Started process (PID=336) to work on /opt/airflow/dags/json_to_sql_dag.py
[2023-02-25T16:23:46.671+0000] {processor.py:743} INFO - Processing file /opt/airflow/dags/json_to_sql_dag.py for tasks to queue
[2023-02-25T16:23:46.674+0000] {logging_mixin.py:137} INFO - [2023-02-25T16:23:46.674+0000] {dagbag.py:538} INFO - Filling up the DagBag from /opt/airflow/dags/json_to_sql_dag.py
[2023-02-25T16:23:47.358+0000] {processor.py:753} INFO - DAG(s) dict_keys(['ETL']) retrieved from /opt/airflow/dags/json_to_sql_dag.py
[2023-02-25T16:23:47.427+0000] {logging_mixin.py:137} INFO - [2023-02-25T16:23:47.427+0000] {dag.py:2676} INFO - Sync 1 DAGs
[2023-02-25T16:23:47.461+0000] {logging_mixin.py:137} INFO - [2023-02-25T16:23:47.461+0000] {dag.py:3423} INFO - Setting next_dagrun for ETL to None, run_after=None
[2023-02-25T16:23:47.493+0000] {processor.py:175} INFO - Processing /opt/airflow/dags/json_to_sql_dag.py took 0.831 seconds
[2023-02-25T16:24:17.827+0000] {processor.py:153} INFO - Started process (PID=342) to work on /opt/airflow/dags/json_to_sql_dag.py
[2023-02-25T16:24:17.832+0000] {processor.py:743} INFO - Processing file /opt/airflow/dags/json_to_sql_dag.py for tasks to queue
[2023-02-25T16:24:17.835+0000] {logging_mixin.py:137} INFO - [2023-02-25T16:24:17.835+0000] {dagbag.py:538} INFO - Filling up the DagBag from /opt/airflow/dags/json_to_sql_dag.py
[2023-02-25T16:24:18.751+0000] {processor.py:753} INFO - DAG(s) dict_keys(['ETL']) retrieved from /opt/airflow/dags/json_to_sql_dag.py
[2023-02-25T16:24:18.811+0000] {logging_mixin.py:137} INFO - [2023-02-25T16:24:18.811+0000] {dag.py:2676} INFO - Sync 1 DAGs
[2023-02-25T16:24:18.855+0000] {logging_mixin.py:137} INFO - [2023-02-25T16:24:18.855+0000] {dag.py:3423} INFO - Setting next_dagrun for ETL to None, run_after=None
[2023-02-25T16:24:18.891+0000] {processor.py:175} INFO - Processing /opt/airflow/dags/json_to_sql_dag.py took 1.070 seconds
[2023-02-25T16:24:49.233+0000] {processor.py:153} INFO - Started process (PID=348) to work on /opt/airflow/dags/json_to_sql_dag.py
[2023-02-25T16:24:49.237+0000] {processor.py:743} INFO - Processing file /opt/airflow/dags/json_to_sql_dag.py for tasks to queue
[2023-02-25T16:24:49.239+0000] {logging_mixin.py:137} INFO - [2023-02-25T16:24:49.239+0000] {dagbag.py:538} INFO - Filling up the DagBag from /opt/airflow/dags/json_to_sql_dag.py
[2023-02-25T16:24:49.919+0000] {processor.py:753} INFO - DAG(s) dict_keys(['ETL']) retrieved from /opt/airflow/dags/json_to_sql_dag.py
[2023-02-25T16:24:49.994+0000] {logging_mixin.py:137} INFO - [2023-02-25T16:24:49.994+0000] {dag.py:2676} INFO - Sync 1 DAGs
[2023-02-25T16:24:50.040+0000] {logging_mixin.py:137} INFO - [2023-02-25T16:24:50.040+0000] {dag.py:3423} INFO - Setting next_dagrun for ETL to None, run_after=None
[2023-02-25T16:24:50.075+0000] {processor.py:175} INFO - Processing /opt/airflow/dags/json_to_sql_dag.py took 0.848 seconds
[2023-02-25T16:25:20.438+0000] {processor.py:153} INFO - Started process (PID=354) to work on /opt/airflow/dags/json_to_sql_dag.py
[2023-02-25T16:25:20.442+0000] {processor.py:743} INFO - Processing file /opt/airflow/dags/json_to_sql_dag.py for tasks to queue
[2023-02-25T16:25:20.446+0000] {logging_mixin.py:137} INFO - [2023-02-25T16:25:20.445+0000] {dagbag.py:538} INFO - Filling up the DagBag from /opt/airflow/dags/json_to_sql_dag.py
[2023-02-25T16:25:21.276+0000] {processor.py:753} INFO - DAG(s) dict_keys(['ETL']) retrieved from /opt/airflow/dags/json_to_sql_dag.py
[2023-02-25T16:25:21.342+0000] {logging_mixin.py:137} INFO - [2023-02-25T16:25:21.341+0000] {dag.py:2676} INFO - Sync 1 DAGs
[2023-02-25T16:25:21.376+0000] {logging_mixin.py:137} INFO - [2023-02-25T16:25:21.376+0000] {dag.py:3423} INFO - Setting next_dagrun for ETL to None, run_after=None
[2023-02-25T16:25:21.411+0000] {processor.py:175} INFO - Processing /opt/airflow/dags/json_to_sql_dag.py took 0.979 seconds
[2023-02-25T16:25:51.682+0000] {processor.py:153} INFO - Started process (PID=360) to work on /opt/airflow/dags/json_to_sql_dag.py
[2023-02-25T16:25:51.701+0000] {processor.py:743} INFO - Processing file /opt/airflow/dags/json_to_sql_dag.py for tasks to queue
[2023-02-25T16:25:51.704+0000] {logging_mixin.py:137} INFO - [2023-02-25T16:25:51.704+0000] {dagbag.py:538} INFO - Filling up the DagBag from /opt/airflow/dags/json_to_sql_dag.py
[2023-02-25T16:25:52.330+0000] {processor.py:753} INFO - DAG(s) dict_keys(['ETL']) retrieved from /opt/airflow/dags/json_to_sql_dag.py
[2023-02-25T16:25:52.400+0000] {logging_mixin.py:137} INFO - [2023-02-25T16:25:52.400+0000] {dag.py:2676} INFO - Sync 1 DAGs
[2023-02-25T16:25:52.444+0000] {logging_mixin.py:137} INFO - [2023-02-25T16:25:52.444+0000] {dag.py:3423} INFO - Setting next_dagrun for ETL to None, run_after=None
[2023-02-25T16:25:52.485+0000] {processor.py:175} INFO - Processing /opt/airflow/dags/json_to_sql_dag.py took 0.811 seconds
[2023-02-25T16:26:22.821+0000] {processor.py:153} INFO - Started process (PID=366) to work on /opt/airflow/dags/json_to_sql_dag.py
[2023-02-25T16:26:22.825+0000] {processor.py:743} INFO - Processing file /opt/airflow/dags/json_to_sql_dag.py for tasks to queue
[2023-02-25T16:26:22.830+0000] {logging_mixin.py:137} INFO - [2023-02-25T16:26:22.829+0000] {dagbag.py:538} INFO - Filling up the DagBag from /opt/airflow/dags/json_to_sql_dag.py
[2023-02-25T16:26:23.995+0000] {processor.py:753} INFO - DAG(s) dict_keys(['ETL']) retrieved from /opt/airflow/dags/json_to_sql_dag.py
[2023-02-25T16:26:24.065+0000] {logging_mixin.py:137} INFO - [2023-02-25T16:26:24.064+0000] {dag.py:2676} INFO - Sync 1 DAGs
[2023-02-25T16:26:24.111+0000] {logging_mixin.py:137} INFO - [2023-02-25T16:26:24.110+0000] {dag.py:3423} INFO - Setting next_dagrun for ETL to None, run_after=None
[2023-02-25T16:26:24.165+0000] {processor.py:175} INFO - Processing /opt/airflow/dags/json_to_sql_dag.py took 1.351 seconds
[2023-02-25T16:26:54.355+0000] {processor.py:153} INFO - Started process (PID=372) to work on /opt/airflow/dags/json_to_sql_dag.py
[2023-02-25T16:26:54.360+0000] {processor.py:743} INFO - Processing file /opt/airflow/dags/json_to_sql_dag.py for tasks to queue
[2023-02-25T16:26:54.365+0000] {logging_mixin.py:137} INFO - [2023-02-25T16:26:54.364+0000] {dagbag.py:538} INFO - Filling up the DagBag from /opt/airflow/dags/json_to_sql_dag.py
[2023-02-25T16:26:55.685+0000] {processor.py:753} INFO - DAG(s) dict_keys(['ETL']) retrieved from /opt/airflow/dags/json_to_sql_dag.py
[2023-02-25T16:26:55.759+0000] {logging_mixin.py:137} INFO - [2023-02-25T16:26:55.759+0000] {dag.py:2676} INFO - Sync 1 DAGs
[2023-02-25T16:26:55.813+0000] {logging_mixin.py:137} INFO - [2023-02-25T16:26:55.813+0000] {dag.py:3423} INFO - Setting next_dagrun for ETL to None, run_after=None
[2023-02-25T16:26:55.846+0000] {processor.py:175} INFO - Processing /opt/airflow/dags/json_to_sql_dag.py took 1.509 seconds
[2023-02-25T16:27:26.191+0000] {processor.py:153} INFO - Started process (PID=378) to work on /opt/airflow/dags/json_to_sql_dag.py
[2023-02-25T16:27:26.195+0000] {processor.py:743} INFO - Processing file /opt/airflow/dags/json_to_sql_dag.py for tasks to queue
[2023-02-25T16:27:26.198+0000] {logging_mixin.py:137} INFO - [2023-02-25T16:27:26.198+0000] {dagbag.py:538} INFO - Filling up the DagBag from /opt/airflow/dags/json_to_sql_dag.py
[2023-02-25T16:27:26.820+0000] {processor.py:753} INFO - DAG(s) dict_keys(['ETL']) retrieved from /opt/airflow/dags/json_to_sql_dag.py
[2023-02-25T16:27:27.000+0000] {logging_mixin.py:137} INFO - [2023-02-25T16:27:26.999+0000] {dag.py:2676} INFO - Sync 1 DAGs
[2023-02-25T16:27:27.065+0000] {logging_mixin.py:137} INFO - [2023-02-25T16:27:27.065+0000] {dag.py:3423} INFO - Setting next_dagrun for ETL to None, run_after=None
[2023-02-25T16:27:27.099+0000] {processor.py:175} INFO - Processing /opt/airflow/dags/json_to_sql_dag.py took 0.914 seconds
[2023-02-25T16:27:57.424+0000] {processor.py:153} INFO - Started process (PID=384) to work on /opt/airflow/dags/json_to_sql_dag.py
[2023-02-25T16:27:57.429+0000] {processor.py:743} INFO - Processing file /opt/airflow/dags/json_to_sql_dag.py for tasks to queue
[2023-02-25T16:27:57.434+0000] {logging_mixin.py:137} INFO - [2023-02-25T16:27:57.433+0000] {dagbag.py:538} INFO - Filling up the DagBag from /opt/airflow/dags/json_to_sql_dag.py
[2023-02-25T16:27:58.226+0000] {processor.py:753} INFO - DAG(s) dict_keys(['ETL']) retrieved from /opt/airflow/dags/json_to_sql_dag.py
[2023-02-25T16:27:58.290+0000] {logging_mixin.py:137} INFO - [2023-02-25T16:27:58.289+0000] {dag.py:2676} INFO - Sync 1 DAGs
[2023-02-25T16:27:58.325+0000] {logging_mixin.py:137} INFO - [2023-02-25T16:27:58.325+0000] {dag.py:3423} INFO - Setting next_dagrun for ETL to None, run_after=None
[2023-02-25T16:27:58.356+0000] {processor.py:175} INFO - Processing /opt/airflow/dags/json_to_sql_dag.py took 0.944 seconds
[2023-02-25T16:28:28.676+0000] {processor.py:153} INFO - Started process (PID=390) to work on /opt/airflow/dags/json_to_sql_dag.py
[2023-02-25T16:28:28.679+0000] {processor.py:743} INFO - Processing file /opt/airflow/dags/json_to_sql_dag.py for tasks to queue
[2023-02-25T16:28:28.682+0000] {logging_mixin.py:137} INFO - [2023-02-25T16:28:28.682+0000] {dagbag.py:538} INFO - Filling up the DagBag from /opt/airflow/dags/json_to_sql_dag.py
[2023-02-25T16:28:29.361+0000] {processor.py:753} INFO - DAG(s) dict_keys(['ETL']) retrieved from /opt/airflow/dags/json_to_sql_dag.py
[2023-02-25T16:28:29.429+0000] {logging_mixin.py:137} INFO - [2023-02-25T16:28:29.429+0000] {dag.py:2676} INFO - Sync 1 DAGs
[2023-02-25T16:28:29.468+0000] {logging_mixin.py:137} INFO - [2023-02-25T16:28:29.467+0000] {dag.py:3423} INFO - Setting next_dagrun for ETL to None, run_after=None
[2023-02-25T16:28:29.503+0000] {processor.py:175} INFO - Processing /opt/airflow/dags/json_to_sql_dag.py took 0.832 seconds
[2023-02-25T16:28:59.903+0000] {processor.py:153} INFO - Started process (PID=396) to work on /opt/airflow/dags/json_to_sql_dag.py
[2023-02-25T16:28:59.907+0000] {processor.py:743} INFO - Processing file /opt/airflow/dags/json_to_sql_dag.py for tasks to queue
[2023-02-25T16:28:59.912+0000] {logging_mixin.py:137} INFO - [2023-02-25T16:28:59.912+0000] {dagbag.py:538} INFO - Filling up the DagBag from /opt/airflow/dags/json_to_sql_dag.py
[2023-02-25T16:29:00.567+0000] {processor.py:753} INFO - DAG(s) dict_keys(['ETL']) retrieved from /opt/airflow/dags/json_to_sql_dag.py
[2023-02-25T16:29:00.632+0000] {logging_mixin.py:137} INFO - [2023-02-25T16:29:00.631+0000] {dag.py:2676} INFO - Sync 1 DAGs
[2023-02-25T16:29:00.666+0000] {logging_mixin.py:137} INFO - [2023-02-25T16:29:00.666+0000] {dag.py:3423} INFO - Setting next_dagrun for ETL to None, run_after=None
[2023-02-25T16:29:00.701+0000] {processor.py:175} INFO - Processing /opt/airflow/dags/json_to_sql_dag.py took 0.805 seconds
[2023-02-25T16:29:31.058+0000] {processor.py:153} INFO - Started process (PID=402) to work on /opt/airflow/dags/json_to_sql_dag.py
[2023-02-25T16:29:31.063+0000] {processor.py:743} INFO - Processing file /opt/airflow/dags/json_to_sql_dag.py for tasks to queue
[2023-02-25T16:29:31.067+0000] {logging_mixin.py:137} INFO - [2023-02-25T16:29:31.067+0000] {dagbag.py:538} INFO - Filling up the DagBag from /opt/airflow/dags/json_to_sql_dag.py
[2023-02-25T16:29:31.891+0000] {processor.py:753} INFO - DAG(s) dict_keys(['ETL']) retrieved from /opt/airflow/dags/json_to_sql_dag.py
[2023-02-25T16:29:31.944+0000] {logging_mixin.py:137} INFO - [2023-02-25T16:29:31.944+0000] {dag.py:2676} INFO - Sync 1 DAGs
[2023-02-25T16:29:31.973+0000] {logging_mixin.py:137} INFO - [2023-02-25T16:29:31.973+0000] {dag.py:3423} INFO - Setting next_dagrun for ETL to None, run_after=None
[2023-02-25T16:29:32.011+0000] {processor.py:175} INFO - Processing /opt/airflow/dags/json_to_sql_dag.py took 0.960 seconds
[2023-02-25T16:30:02.276+0000] {processor.py:153} INFO - Started process (PID=408) to work on /opt/airflow/dags/json_to_sql_dag.py
[2023-02-25T16:30:02.280+0000] {processor.py:743} INFO - Processing file /opt/airflow/dags/json_to_sql_dag.py for tasks to queue
[2023-02-25T16:30:02.282+0000] {logging_mixin.py:137} INFO - [2023-02-25T16:30:02.282+0000] {dagbag.py:538} INFO - Filling up the DagBag from /opt/airflow/dags/json_to_sql_dag.py
[2023-02-25T16:30:02.945+0000] {processor.py:753} INFO - DAG(s) dict_keys(['ETL']) retrieved from /opt/airflow/dags/json_to_sql_dag.py
[2023-02-25T16:30:03.002+0000] {logging_mixin.py:137} INFO - [2023-02-25T16:30:03.001+0000] {dag.py:2676} INFO - Sync 1 DAGs
[2023-02-25T16:30:03.037+0000] {logging_mixin.py:137} INFO - [2023-02-25T16:30:03.037+0000] {dag.py:3423} INFO - Setting next_dagrun for ETL to None, run_after=None
[2023-02-25T16:30:03.069+0000] {processor.py:175} INFO - Processing /opt/airflow/dags/json_to_sql_dag.py took 0.799 seconds
[2023-02-25T16:30:33.387+0000] {processor.py:153} INFO - Started process (PID=414) to work on /opt/airflow/dags/json_to_sql_dag.py
[2023-02-25T16:30:33.392+0000] {processor.py:743} INFO - Processing file /opt/airflow/dags/json_to_sql_dag.py for tasks to queue
[2023-02-25T16:30:33.395+0000] {logging_mixin.py:137} INFO - [2023-02-25T16:30:33.395+0000] {dagbag.py:538} INFO - Filling up the DagBag from /opt/airflow/dags/json_to_sql_dag.py
[2023-02-25T16:30:34.140+0000] {processor.py:753} INFO - DAG(s) dict_keys(['ETL']) retrieved from /opt/airflow/dags/json_to_sql_dag.py
[2023-02-25T16:30:34.199+0000] {logging_mixin.py:137} INFO - [2023-02-25T16:30:34.198+0000] {dag.py:2676} INFO - Sync 1 DAGs
[2023-02-25T16:30:34.234+0000] {logging_mixin.py:137} INFO - [2023-02-25T16:30:34.234+0000] {dag.py:3423} INFO - Setting next_dagrun for ETL to None, run_after=None
[2023-02-25T16:30:34.265+0000] {processor.py:175} INFO - Processing /opt/airflow/dags/json_to_sql_dag.py took 0.887 seconds
[2023-02-25T16:31:04.596+0000] {processor.py:153} INFO - Started process (PID=420) to work on /opt/airflow/dags/json_to_sql_dag.py
[2023-02-25T16:31:04.603+0000] {processor.py:743} INFO - Processing file /opt/airflow/dags/json_to_sql_dag.py for tasks to queue
[2023-02-25T16:31:04.607+0000] {logging_mixin.py:137} INFO - [2023-02-25T16:31:04.606+0000] {dagbag.py:538} INFO - Filling up the DagBag from /opt/airflow/dags/json_to_sql_dag.py
[2023-02-25T16:31:05.543+0000] {processor.py:753} INFO - DAG(s) dict_keys(['ETL']) retrieved from /opt/airflow/dags/json_to_sql_dag.py
[2023-02-25T16:31:05.625+0000] {logging_mixin.py:137} INFO - [2023-02-25T16:31:05.624+0000] {dag.py:2676} INFO - Sync 1 DAGs
[2023-02-25T16:31:05.667+0000] {logging_mixin.py:137} INFO - [2023-02-25T16:31:05.667+0000] {dag.py:3423} INFO - Setting next_dagrun for ETL to None, run_after=None
[2023-02-25T16:31:05.709+0000] {processor.py:175} INFO - Processing /opt/airflow/dags/json_to_sql_dag.py took 1.119 seconds
[2023-02-25T16:31:36.017+0000] {processor.py:153} INFO - Started process (PID=426) to work on /opt/airflow/dags/json_to_sql_dag.py
[2023-02-25T16:31:36.020+0000] {processor.py:743} INFO - Processing file /opt/airflow/dags/json_to_sql_dag.py for tasks to queue
[2023-02-25T16:31:36.025+0000] {logging_mixin.py:137} INFO - [2023-02-25T16:31:36.023+0000] {dagbag.py:538} INFO - Filling up the DagBag from /opt/airflow/dags/json_to_sql_dag.py
[2023-02-25T16:31:36.767+0000] {processor.py:753} INFO - DAG(s) dict_keys(['ETL']) retrieved from /opt/airflow/dags/json_to_sql_dag.py
[2023-02-25T16:31:36.837+0000] {logging_mixin.py:137} INFO - [2023-02-25T16:31:36.836+0000] {dag.py:2676} INFO - Sync 1 DAGs
[2023-02-25T16:31:36.874+0000] {logging_mixin.py:137} INFO - [2023-02-25T16:31:36.874+0000] {dag.py:3423} INFO - Setting next_dagrun for ETL to None, run_after=None
[2023-02-25T16:31:36.907+0000] {processor.py:175} INFO - Processing /opt/airflow/dags/json_to_sql_dag.py took 0.897 seconds
[2023-02-25T16:32:07.231+0000] {processor.py:153} INFO - Started process (PID=432) to work on /opt/airflow/dags/json_to_sql_dag.py
[2023-02-25T16:32:07.239+0000] {processor.py:743} INFO - Processing file /opt/airflow/dags/json_to_sql_dag.py for tasks to queue
[2023-02-25T16:32:07.243+0000] {logging_mixin.py:137} INFO - [2023-02-25T16:32:07.243+0000] {dagbag.py:538} INFO - Filling up the DagBag from /opt/airflow/dags/json_to_sql_dag.py
[2023-02-25T16:32:07.997+0000] {processor.py:753} INFO - DAG(s) dict_keys(['ETL']) retrieved from /opt/airflow/dags/json_to_sql_dag.py
[2023-02-25T16:32:08.072+0000] {logging_mixin.py:137} INFO - [2023-02-25T16:32:08.071+0000] {dag.py:2676} INFO - Sync 1 DAGs
[2023-02-25T16:32:08.133+0000] {logging_mixin.py:137} INFO - [2023-02-25T16:32:08.133+0000] {dag.py:3423} INFO - Setting next_dagrun for ETL to None, run_after=None
[2023-02-25T16:32:08.172+0000] {processor.py:175} INFO - Processing /opt/airflow/dags/json_to_sql_dag.py took 0.955 seconds
[2023-02-25T16:32:38.470+0000] {processor.py:153} INFO - Started process (PID=438) to work on /opt/airflow/dags/json_to_sql_dag.py
[2023-02-25T16:32:38.474+0000] {processor.py:743} INFO - Processing file /opt/airflow/dags/json_to_sql_dag.py for tasks to queue
[2023-02-25T16:32:38.477+0000] {logging_mixin.py:137} INFO - [2023-02-25T16:32:38.477+0000] {dagbag.py:538} INFO - Filling up the DagBag from /opt/airflow/dags/json_to_sql_dag.py
[2023-02-25T16:32:39.224+0000] {processor.py:753} INFO - DAG(s) dict_keys(['ETL']) retrieved from /opt/airflow/dags/json_to_sql_dag.py
[2023-02-25T16:32:39.293+0000] {logging_mixin.py:137} INFO - [2023-02-25T16:32:39.292+0000] {dag.py:2676} INFO - Sync 1 DAGs
[2023-02-25T16:32:39.330+0000] {logging_mixin.py:137} INFO - [2023-02-25T16:32:39.330+0000] {dag.py:3423} INFO - Setting next_dagrun for ETL to None, run_after=None
[2023-02-25T16:32:39.363+0000] {processor.py:175} INFO - Processing /opt/airflow/dags/json_to_sql_dag.py took 0.899 seconds
[2023-02-25T16:33:09.694+0000] {processor.py:153} INFO - Started process (PID=444) to work on /opt/airflow/dags/json_to_sql_dag.py
[2023-02-25T16:33:09.698+0000] {processor.py:743} INFO - Processing file /opt/airflow/dags/json_to_sql_dag.py for tasks to queue
[2023-02-25T16:33:09.704+0000] {logging_mixin.py:137} INFO - [2023-02-25T16:33:09.704+0000] {dagbag.py:538} INFO - Filling up the DagBag from /opt/airflow/dags/json_to_sql_dag.py
[2023-02-25T16:33:10.398+0000] {processor.py:753} INFO - DAG(s) dict_keys(['ETL']) retrieved from /opt/airflow/dags/json_to_sql_dag.py
[2023-02-25T16:33:10.453+0000] {logging_mixin.py:137} INFO - [2023-02-25T16:33:10.453+0000] {dag.py:2676} INFO - Sync 1 DAGs
[2023-02-25T16:33:10.492+0000] {logging_mixin.py:137} INFO - [2023-02-25T16:33:10.491+0000] {dag.py:3423} INFO - Setting next_dagrun for ETL to None, run_after=None
[2023-02-25T16:33:10.519+0000] {processor.py:175} INFO - Processing /opt/airflow/dags/json_to_sql_dag.py took 0.818 seconds
[2023-02-25T16:33:40.850+0000] {processor.py:153} INFO - Started process (PID=450) to work on /opt/airflow/dags/json_to_sql_dag.py
[2023-02-25T16:33:40.855+0000] {processor.py:743} INFO - Processing file /opt/airflow/dags/json_to_sql_dag.py for tasks to queue
[2023-02-25T16:33:40.860+0000] {logging_mixin.py:137} INFO - [2023-02-25T16:33:40.859+0000] {dagbag.py:538} INFO - Filling up the DagBag from /opt/airflow/dags/json_to_sql_dag.py
[2023-02-25T16:33:41.693+0000] {processor.py:753} INFO - DAG(s) dict_keys(['ETL']) retrieved from /opt/airflow/dags/json_to_sql_dag.py
[2023-02-25T16:33:41.758+0000] {logging_mixin.py:137} INFO - [2023-02-25T16:33:41.758+0000] {dag.py:2676} INFO - Sync 1 DAGs
[2023-02-25T16:33:41.800+0000] {logging_mixin.py:137} INFO - [2023-02-25T16:33:41.799+0000] {dag.py:3423} INFO - Setting next_dagrun for ETL to None, run_after=None
[2023-02-25T16:33:41.861+0000] {processor.py:175} INFO - Processing /opt/airflow/dags/json_to_sql_dag.py took 1.018 seconds
[2023-02-25T16:34:12.238+0000] {processor.py:153} INFO - Started process (PID=456) to work on /opt/airflow/dags/json_to_sql_dag.py
[2023-02-25T16:34:12.243+0000] {processor.py:743} INFO - Processing file /opt/airflow/dags/json_to_sql_dag.py for tasks to queue
[2023-02-25T16:34:12.246+0000] {logging_mixin.py:137} INFO - [2023-02-25T16:34:12.246+0000] {dagbag.py:538} INFO - Filling up the DagBag from /opt/airflow/dags/json_to_sql_dag.py
[2023-02-25T16:34:13.044+0000] {processor.py:753} INFO - DAG(s) dict_keys(['ETL']) retrieved from /opt/airflow/dags/json_to_sql_dag.py
[2023-02-25T16:34:13.099+0000] {logging_mixin.py:137} INFO - [2023-02-25T16:34:13.099+0000] {dag.py:2676} INFO - Sync 1 DAGs
[2023-02-25T16:34:13.134+0000] {logging_mixin.py:137} INFO - [2023-02-25T16:34:13.134+0000] {dag.py:3423} INFO - Setting next_dagrun for ETL to None, run_after=None
[2023-02-25T16:34:13.167+0000] {processor.py:175} INFO - Processing /opt/airflow/dags/json_to_sql_dag.py took 0.935 seconds
[2023-02-25T16:34:43.493+0000] {processor.py:153} INFO - Started process (PID=462) to work on /opt/airflow/dags/json_to_sql_dag.py
[2023-02-25T16:34:43.496+0000] {processor.py:743} INFO - Processing file /opt/airflow/dags/json_to_sql_dag.py for tasks to queue
[2023-02-25T16:34:43.499+0000] {logging_mixin.py:137} INFO - [2023-02-25T16:34:43.499+0000] {dagbag.py:538} INFO - Filling up the DagBag from /opt/airflow/dags/json_to_sql_dag.py
[2023-02-25T16:34:44.429+0000] {processor.py:753} INFO - DAG(s) dict_keys(['ETL']) retrieved from /opt/airflow/dags/json_to_sql_dag.py
[2023-02-25T16:34:44.505+0000] {logging_mixin.py:137} INFO - [2023-02-25T16:34:44.505+0000] {dag.py:2676} INFO - Sync 1 DAGs
[2023-02-25T16:34:44.542+0000] {logging_mixin.py:137} INFO - [2023-02-25T16:34:44.542+0000] {dag.py:3423} INFO - Setting next_dagrun for ETL to None, run_after=None
[2023-02-25T16:34:44.568+0000] {processor.py:175} INFO - Processing /opt/airflow/dags/json_to_sql_dag.py took 1.081 seconds
[2023-02-25T16:35:14.842+0000] {processor.py:153} INFO - Started process (PID=468) to work on /opt/airflow/dags/json_to_sql_dag.py
[2023-02-25T16:35:14.848+0000] {processor.py:743} INFO - Processing file /opt/airflow/dags/json_to_sql_dag.py for tasks to queue
[2023-02-25T16:35:14.852+0000] {logging_mixin.py:137} INFO - [2023-02-25T16:35:14.851+0000] {dagbag.py:538} INFO - Filling up the DagBag from /opt/airflow/dags/json_to_sql_dag.py
[2023-02-25T16:35:15.923+0000] {processor.py:753} INFO - DAG(s) dict_keys(['ETL']) retrieved from /opt/airflow/dags/json_to_sql_dag.py
[2023-02-25T16:35:15.986+0000] {logging_mixin.py:137} INFO - [2023-02-25T16:35:15.985+0000] {dag.py:2676} INFO - Sync 1 DAGs
[2023-02-25T16:35:16.027+0000] {logging_mixin.py:137} INFO - [2023-02-25T16:35:16.027+0000] {dag.py:3423} INFO - Setting next_dagrun for ETL to None, run_after=None
[2023-02-25T16:35:16.060+0000] {processor.py:175} INFO - Processing /opt/airflow/dags/json_to_sql_dag.py took 1.227 seconds
[2023-02-25T16:35:46.202+0000] {processor.py:153} INFO - Started process (PID=474) to work on /opt/airflow/dags/json_to_sql_dag.py
[2023-02-25T16:35:46.206+0000] {processor.py:743} INFO - Processing file /opt/airflow/dags/json_to_sql_dag.py for tasks to queue
[2023-02-25T16:35:46.211+0000] {logging_mixin.py:137} INFO - [2023-02-25T16:35:46.211+0000] {dagbag.py:538} INFO - Filling up the DagBag from /opt/airflow/dags/json_to_sql_dag.py
[2023-02-25T16:35:47.035+0000] {processor.py:753} INFO - DAG(s) dict_keys(['ETL']) retrieved from /opt/airflow/dags/json_to_sql_dag.py
[2023-02-25T16:35:47.110+0000] {logging_mixin.py:137} INFO - [2023-02-25T16:35:47.108+0000] {dag.py:2676} INFO - Sync 1 DAGs
[2023-02-25T16:35:47.159+0000] {logging_mixin.py:137} INFO - [2023-02-25T16:35:47.158+0000] {dag.py:3423} INFO - Setting next_dagrun for ETL to None, run_after=None
[2023-02-25T16:35:47.222+0000] {processor.py:175} INFO - Processing /opt/airflow/dags/json_to_sql_dag.py took 1.028 seconds
[2023-02-25T16:36:17.452+0000] {processor.py:153} INFO - Started process (PID=480) to work on /opt/airflow/dags/json_to_sql_dag.py
[2023-02-25T16:36:17.457+0000] {processor.py:743} INFO - Processing file /opt/airflow/dags/json_to_sql_dag.py for tasks to queue
[2023-02-25T16:36:17.466+0000] {logging_mixin.py:137} INFO - [2023-02-25T16:36:17.465+0000] {dagbag.py:538} INFO - Filling up the DagBag from /opt/airflow/dags/json_to_sql_dag.py
[2023-02-25T16:36:18.340+0000] {processor.py:753} INFO - DAG(s) dict_keys(['ETL']) retrieved from /opt/airflow/dags/json_to_sql_dag.py
[2023-02-25T16:36:18.400+0000] {logging_mixin.py:137} INFO - [2023-02-25T16:36:18.400+0000] {dag.py:2676} INFO - Sync 1 DAGs
[2023-02-25T16:36:18.437+0000] {logging_mixin.py:137} INFO - [2023-02-25T16:36:18.437+0000] {dag.py:3423} INFO - Setting next_dagrun for ETL to None, run_after=None
[2023-02-25T16:36:18.488+0000] {processor.py:175} INFO - Processing /opt/airflow/dags/json_to_sql_dag.py took 1.044 seconds
[2023-02-25T16:36:49.113+0000] {processor.py:153} INFO - Started process (PID=486) to work on /opt/airflow/dags/json_to_sql_dag.py
[2023-02-25T16:36:49.117+0000] {processor.py:743} INFO - Processing file /opt/airflow/dags/json_to_sql_dag.py for tasks to queue
[2023-02-25T16:36:49.120+0000] {logging_mixin.py:137} INFO - [2023-02-25T16:36:49.119+0000] {dagbag.py:538} INFO - Filling up the DagBag from /opt/airflow/dags/json_to_sql_dag.py
[2023-02-25T16:36:49.819+0000] {processor.py:753} INFO - DAG(s) dict_keys(['ETL']) retrieved from /opt/airflow/dags/json_to_sql_dag.py
[2023-02-25T16:36:49.878+0000] {logging_mixin.py:137} INFO - [2023-02-25T16:36:49.878+0000] {dag.py:2676} INFO - Sync 1 DAGs
[2023-02-25T16:36:49.911+0000] {logging_mixin.py:137} INFO - [2023-02-25T16:36:49.911+0000] {dag.py:3423} INFO - Setting next_dagrun for ETL to None, run_after=None
[2023-02-25T16:36:49.941+0000] {processor.py:175} INFO - Processing /opt/airflow/dags/json_to_sql_dag.py took 0.836 seconds
[2023-02-25T16:37:20.416+0000] {processor.py:153} INFO - Started process (PID=492) to work on /opt/airflow/dags/json_to_sql_dag.py
[2023-02-25T16:37:20.421+0000] {processor.py:743} INFO - Processing file /opt/airflow/dags/json_to_sql_dag.py for tasks to queue
[2023-02-25T16:37:20.425+0000] {logging_mixin.py:137} INFO - [2023-02-25T16:37:20.425+0000] {dagbag.py:538} INFO - Filling up the DagBag from /opt/airflow/dags/json_to_sql_dag.py
[2023-02-25T16:37:21.304+0000] {processor.py:753} INFO - DAG(s) dict_keys(['ETL']) retrieved from /opt/airflow/dags/json_to_sql_dag.py
[2023-02-25T16:37:21.366+0000] {logging_mixin.py:137} INFO - [2023-02-25T16:37:21.365+0000] {dag.py:2676} INFO - Sync 1 DAGs
[2023-02-25T16:37:21.410+0000] {logging_mixin.py:137} INFO - [2023-02-25T16:37:21.410+0000] {dag.py:3423} INFO - Setting next_dagrun for ETL to None, run_after=None
[2023-02-25T16:37:21.448+0000] {processor.py:175} INFO - Processing /opt/airflow/dags/json_to_sql_dag.py took 1.041 seconds
[2023-02-25T16:37:51.772+0000] {processor.py:153} INFO - Started process (PID=498) to work on /opt/airflow/dags/json_to_sql_dag.py
[2023-02-25T16:37:51.779+0000] {processor.py:743} INFO - Processing file /opt/airflow/dags/json_to_sql_dag.py for tasks to queue
[2023-02-25T16:37:51.783+0000] {logging_mixin.py:137} INFO - [2023-02-25T16:37:51.783+0000] {dagbag.py:538} INFO - Filling up the DagBag from /opt/airflow/dags/json_to_sql_dag.py
[2023-02-25T16:37:52.607+0000] {processor.py:753} INFO - DAG(s) dict_keys(['ETL']) retrieved from /opt/airflow/dags/json_to_sql_dag.py
[2023-02-25T16:37:52.692+0000] {logging_mixin.py:137} INFO - [2023-02-25T16:37:52.691+0000] {dag.py:2676} INFO - Sync 1 DAGs
[2023-02-25T16:37:52.730+0000] {logging_mixin.py:137} INFO - [2023-02-25T16:37:52.729+0000] {dag.py:3423} INFO - Setting next_dagrun for ETL to None, run_after=None
[2023-02-25T16:37:52.764+0000] {processor.py:175} INFO - Processing /opt/airflow/dags/json_to_sql_dag.py took 1.000 seconds
[2023-02-25T16:38:23.065+0000] {processor.py:153} INFO - Started process (PID=504) to work on /opt/airflow/dags/json_to_sql_dag.py
[2023-02-25T16:38:23.071+0000] {processor.py:743} INFO - Processing file /opt/airflow/dags/json_to_sql_dag.py for tasks to queue
[2023-02-25T16:38:23.075+0000] {logging_mixin.py:137} INFO - [2023-02-25T16:38:23.075+0000] {dagbag.py:538} INFO - Filling up the DagBag from /opt/airflow/dags/json_to_sql_dag.py
[2023-02-25T16:38:23.853+0000] {processor.py:753} INFO - DAG(s) dict_keys(['ETL']) retrieved from /opt/airflow/dags/json_to_sql_dag.py
[2023-02-25T16:38:23.938+0000] {logging_mixin.py:137} INFO - [2023-02-25T16:38:23.937+0000] {dag.py:2676} INFO - Sync 1 DAGs
[2023-02-25T16:38:23.973+0000] {logging_mixin.py:137} INFO - [2023-02-25T16:38:23.973+0000] {dag.py:3423} INFO - Setting next_dagrun for ETL to None, run_after=None
[2023-02-25T16:38:24.004+0000] {processor.py:175} INFO - Processing /opt/airflow/dags/json_to_sql_dag.py took 0.947 seconds
[2023-02-25T16:38:54.592+0000] {processor.py:153} INFO - Started process (PID=510) to work on /opt/airflow/dags/json_to_sql_dag.py
[2023-02-25T16:38:54.596+0000] {processor.py:743} INFO - Processing file /opt/airflow/dags/json_to_sql_dag.py for tasks to queue
[2023-02-25T16:38:54.600+0000] {logging_mixin.py:137} INFO - [2023-02-25T16:38:54.599+0000] {dagbag.py:538} INFO - Filling up the DagBag from /opt/airflow/dags/json_to_sql_dag.py
[2023-02-25T16:38:55.266+0000] {processor.py:753} INFO - DAG(s) dict_keys(['ETL']) retrieved from /opt/airflow/dags/json_to_sql_dag.py
[2023-02-25T16:38:55.323+0000] {logging_mixin.py:137} INFO - [2023-02-25T16:38:55.322+0000] {dag.py:2676} INFO - Sync 1 DAGs
[2023-02-25T16:38:55.355+0000] {logging_mixin.py:137} INFO - [2023-02-25T16:38:55.355+0000] {dag.py:3423} INFO - Setting next_dagrun for ETL to None, run_after=None
[2023-02-25T16:38:55.387+0000] {processor.py:175} INFO - Processing /opt/airflow/dags/json_to_sql_dag.py took 0.800 seconds
