[2023-02-25T16:17:17.548+0000] {taskinstance.py:1087} INFO - Dependencies all met for <TaskInstance: ETL.extract_transform_hits scheduled__2022-01-03T00:00:00+00:00 [queued]>
[2023-02-25T16:17:17.563+0000] {taskinstance.py:1087} INFO - Dependencies all met for <TaskInstance: ETL.extract_transform_hits scheduled__2022-01-03T00:00:00+00:00 [queued]>
[2023-02-25T16:17:17.565+0000] {taskinstance.py:1283} INFO - 
--------------------------------------------------------------------------------
[2023-02-25T16:17:17.567+0000] {taskinstance.py:1284} INFO - Starting attempt 1 of 2
[2023-02-25T16:17:17.569+0000] {taskinstance.py:1285} INFO - 
--------------------------------------------------------------------------------
[2023-02-25T16:17:17.589+0000] {taskinstance.py:1304} INFO - Executing <Task(PythonOperator): extract_transform_hits> on 2022-01-03 00:00:00+00:00
[2023-02-25T16:17:17.600+0000] {standard_task_runner.py:55} INFO - Started process 236 to run task
[2023-02-25T16:17:17.609+0000] {standard_task_runner.py:82} INFO - Running: ['airflow', 'tasks', 'run', 'ETL', 'extract_transform_hits', 'scheduled__2022-01-03T00:00:00+00:00', '--job-id', '12', '--raw', '--subdir', 'DAGS_FOLDER/json_to_sql_dag.py', '--cfg-path', '/tmp/tmp3cwgwvez']
[2023-02-25T16:17:17.615+0000] {standard_task_runner.py:83} INFO - Job 12: Subtask extract_transform_hits
[2023-02-25T16:17:17.650+0000] {logging_mixin.py:137} WARNING - /home/airflow/.local/lib/python3.9/site-packages/airflow/settings.py:249 DeprecationWarning: The sql_alchemy_conn option in [core] has been moved to the sql_alchemy_conn option in [database] - the old setting has been used, but please update your config.
[2023-02-25T16:17:17.691+0000] {logging_mixin.py:137} WARNING - /home/airflow/.local/lib/python3.9/site-packages/airflow/utils/sqlalchemy.py:121 DeprecationWarning: The sql_alchemy_conn option in [core] has been moved to the sql_alchemy_conn option in [database] - the old setting has been used, but please update your config.
[2023-02-25T16:17:17.772+0000] {task_command.py:389} INFO - Running <TaskInstance: ETL.extract_transform_hits scheduled__2022-01-03T00:00:00+00:00 [running]> on host b032489a94fe
[2023-02-25T16:17:17.900+0000] {taskinstance.py:1511} INFO - Exporting the following env vars:
AIRFLOW_CTX_DAG_OWNER=airflow
AIRFLOW_CTX_DAG_ID=ETL
AIRFLOW_CTX_TASK_ID=extract_transform_hits
AIRFLOW_CTX_EXECUTION_DATE=2022-01-03T00:00:00+00:00
AIRFLOW_CTX_TRY_NUMBER=1
AIRFLOW_CTX_DAG_RUN_ID=scheduled__2022-01-03T00:00:00+00:00
[2023-02-25T16:17:31.714+0000] {logging_mixin.py:137} INFO - Saved 81243 rows to a CSV
[2023-02-25T16:17:31.771+0000] {python.py:177} INFO - Done. Returned value was: None
[2023-02-25T16:17:31.797+0000] {taskinstance.py:1322} INFO - Marking task as SUCCESS. dag_id=ETL, task_id=extract_transform_hits, execution_date=20220103T000000, start_date=20230225T161717, end_date=20230225T161731
[2023-02-25T16:17:31.871+0000] {local_task_job.py:159} INFO - Task exited with return code 0
[2023-02-25T16:17:31.911+0000] {taskinstance.py:2582} INFO - 1 downstream tasks scheduled from follow-on schedule check
