[2023-02-25T16:16:30.567+0000] {taskinstance.py:1087} INFO - Dependencies all met for <TaskInstance: ETL.load_hits_to_postgres scheduled__2022-01-01T00:00:00+00:00 [queued]>
[2023-02-25T16:16:30.600+0000] {taskinstance.py:1087} INFO - Dependencies all met for <TaskInstance: ETL.load_hits_to_postgres scheduled__2022-01-01T00:00:00+00:00 [queued]>
[2023-02-25T16:16:30.605+0000] {taskinstance.py:1283} INFO - 
--------------------------------------------------------------------------------
[2023-02-25T16:16:30.608+0000] {taskinstance.py:1284} INFO - Starting attempt 1 of 2
[2023-02-25T16:16:30.611+0000] {taskinstance.py:1285} INFO - 
--------------------------------------------------------------------------------
[2023-02-25T16:16:30.637+0000] {taskinstance.py:1304} INFO - Executing <Task(PythonOperator): load_hits_to_postgres> on 2022-01-01 00:00:00+00:00
[2023-02-25T16:16:30.650+0000] {standard_task_runner.py:55} INFO - Started process 209 to run task
[2023-02-25T16:16:30.658+0000] {standard_task_runner.py:82} INFO - Running: ['airflow', 'tasks', 'run', 'ETL', 'load_hits_to_postgres', 'scheduled__2022-01-01T00:00:00+00:00', '--job-id', '5', '--raw', '--subdir', 'DAGS_FOLDER/json_to_sql_dag.py', '--cfg-path', '/tmp/tmpc1_ackij']
[2023-02-25T16:16:30.695+0000] {standard_task_runner.py:83} INFO - Job 5: Subtask load_hits_to_postgres
[2023-02-25T16:16:30.756+0000] {logging_mixin.py:137} WARNING - /home/airflow/.local/lib/python3.9/site-packages/airflow/settings.py:249 DeprecationWarning: The sql_alchemy_conn option in [core] has been moved to the sql_alchemy_conn option in [database] - the old setting has been used, but please update your config.
[2023-02-25T16:16:30.808+0000] {logging_mixin.py:137} WARNING - /home/airflow/.local/lib/python3.9/site-packages/airflow/utils/sqlalchemy.py:121 DeprecationWarning: The sql_alchemy_conn option in [core] has been moved to the sql_alchemy_conn option in [database] - the old setting has been used, but please update your config.
[2023-02-25T16:16:30.874+0000] {task_command.py:389} INFO - Running <TaskInstance: ETL.load_hits_to_postgres scheduled__2022-01-01T00:00:00+00:00 [running]> on host b032489a94fe
[2023-02-25T16:16:30.985+0000] {taskinstance.py:1511} INFO - Exporting the following env vars:
AIRFLOW_CTX_DAG_OWNER=airflow
AIRFLOW_CTX_DAG_ID=ETL
AIRFLOW_CTX_TASK_ID=load_hits_to_postgres
AIRFLOW_CTX_EXECUTION_DATE=2022-01-01T00:00:00+00:00
AIRFLOW_CTX_TRY_NUMBER=1
AIRFLOW_CTX_DAG_RUN_ID=scheduled__2022-01-01T00:00:00+00:00
[2023-02-25T16:16:30.997+0000] {logging_mixin.py:137} INFO - ga-hits dataframe is empty and has been skipped.
[2023-02-25T16:16:31.003+0000] {logging_mixin.py:137} INFO - ga-hits dataframe is empty and has been skipped.
[2023-02-25T16:16:31.005+0000] {python.py:177} INFO - Done. Returned value was: None
[2023-02-25T16:16:31.026+0000] {taskinstance.py:1322} INFO - Marking task as SUCCESS. dag_id=ETL, task_id=load_hits_to_postgres, execution_date=20220101T000000, start_date=20230225T161630, end_date=20230225T161631
[2023-02-25T16:16:31.066+0000] {local_task_job.py:159} INFO - Task exited with return code 0
[2023-02-25T16:16:31.096+0000] {taskinstance.py:2582} INFO - 0 downstream tasks scheduled from follow-on schedule check
