[2023-02-25T16:17:33.981+0000] {taskinstance.py:1087} INFO - Dependencies all met for <TaskInstance: ETL.load_hits_to_postgres scheduled__2022-01-03T00:00:00+00:00 [queued]>
[2023-02-25T16:17:33.999+0000] {taskinstance.py:1087} INFO - Dependencies all met for <TaskInstance: ETL.load_hits_to_postgres scheduled__2022-01-03T00:00:00+00:00 [queued]>
[2023-02-25T16:17:34.001+0000] {taskinstance.py:1283} INFO - 
--------------------------------------------------------------------------------
[2023-02-25T16:17:34.003+0000] {taskinstance.py:1284} INFO - Starting attempt 1 of 2
[2023-02-25T16:17:34.005+0000] {taskinstance.py:1285} INFO - 
--------------------------------------------------------------------------------
[2023-02-25T16:17:34.028+0000] {taskinstance.py:1304} INFO - Executing <Task(PythonOperator): load_hits_to_postgres> on 2022-01-03 00:00:00+00:00
[2023-02-25T16:17:34.041+0000] {standard_task_runner.py:55} INFO - Started process 245 to run task
[2023-02-25T16:17:34.050+0000] {standard_task_runner.py:82} INFO - Running: ['airflow', 'tasks', 'run', 'ETL', 'load_hits_to_postgres', 'scheduled__2022-01-03T00:00:00+00:00', '--job-id', '13', '--raw', '--subdir', 'DAGS_FOLDER/json_to_sql_dag.py', '--cfg-path', '/tmp/tmph_u_rxoh']
[2023-02-25T16:17:34.058+0000] {standard_task_runner.py:83} INFO - Job 13: Subtask load_hits_to_postgres
[2023-02-25T16:17:34.093+0000] {logging_mixin.py:137} WARNING - /home/airflow/.local/lib/python3.9/site-packages/airflow/settings.py:249 DeprecationWarning: The sql_alchemy_conn option in [core] has been moved to the sql_alchemy_conn option in [database] - the old setting has been used, but please update your config.
[2023-02-25T16:17:34.139+0000] {logging_mixin.py:137} WARNING - /home/airflow/.local/lib/python3.9/site-packages/airflow/utils/sqlalchemy.py:121 DeprecationWarning: The sql_alchemy_conn option in [core] has been moved to the sql_alchemy_conn option in [database] - the old setting has been used, but please update your config.
[2023-02-25T16:17:34.214+0000] {task_command.py:389} INFO - Running <TaskInstance: ETL.load_hits_to_postgres scheduled__2022-01-03T00:00:00+00:00 [running]> on host b032489a94fe
[2023-02-25T16:17:34.349+0000] {taskinstance.py:1511} INFO - Exporting the following env vars:
AIRFLOW_CTX_DAG_OWNER=airflow
AIRFLOW_CTX_DAG_ID=ETL
AIRFLOW_CTX_TASK_ID=load_hits_to_postgres
AIRFLOW_CTX_EXECUTION_DATE=2022-01-03T00:00:00+00:00
AIRFLOW_CTX_TRY_NUMBER=1
AIRFLOW_CTX_DAG_RUN_ID=scheduled__2022-01-03T00:00:00+00:00
[2023-02-25T16:17:44.910+0000] {python.py:177} INFO - Done. Returned value was: None
[2023-02-25T16:17:45.004+0000] {taskinstance.py:1322} INFO - Marking task as SUCCESS. dag_id=ETL, task_id=load_hits_to_postgres, execution_date=20220103T000000, start_date=20230225T161733, end_date=20230225T161745
[2023-02-25T16:17:45.093+0000] {local_task_job.py:159} INFO - Task exited with return code 0
[2023-02-25T16:17:45.124+0000] {taskinstance.py:2582} INFO - 0 downstream tasks scheduled from follow-on schedule check
