[2023-02-25T16:16:41.901+0000] {taskinstance.py:1087} INFO - Dependencies all met for <TaskInstance: ETL.extract_transform_hits scheduled__2022-01-02T00:00:00+00:00 [queued]>
[2023-02-25T16:16:41.926+0000] {taskinstance.py:1087} INFO - Dependencies all met for <TaskInstance: ETL.extract_transform_hits scheduled__2022-01-02T00:00:00+00:00 [queued]>
[2023-02-25T16:16:41.928+0000] {taskinstance.py:1283} INFO - 
--------------------------------------------------------------------------------
[2023-02-25T16:16:41.931+0000] {taskinstance.py:1284} INFO - Starting attempt 1 of 2
[2023-02-25T16:16:41.935+0000] {taskinstance.py:1285} INFO - 
--------------------------------------------------------------------------------
[2023-02-25T16:16:41.971+0000] {taskinstance.py:1304} INFO - Executing <Task(PythonOperator): extract_transform_hits> on 2022-01-02 00:00:00+00:00
[2023-02-25T16:16:41.985+0000] {standard_task_runner.py:55} INFO - Started process 218 to run task
[2023-02-25T16:16:41.993+0000] {standard_task_runner.py:82} INFO - Running: ['airflow', 'tasks', 'run', 'ETL', 'extract_transform_hits', 'scheduled__2022-01-02T00:00:00+00:00', '--job-id', '8', '--raw', '--subdir', 'DAGS_FOLDER/json_to_sql_dag.py', '--cfg-path', '/tmp/tmpay8o0q5b']
[2023-02-25T16:16:42.002+0000] {standard_task_runner.py:83} INFO - Job 8: Subtask extract_transform_hits
[2023-02-25T16:16:42.045+0000] {logging_mixin.py:137} WARNING - /home/airflow/.local/lib/python3.9/site-packages/airflow/settings.py:249 DeprecationWarning: The sql_alchemy_conn option in [core] has been moved to the sql_alchemy_conn option in [database] - the old setting has been used, but please update your config.
[2023-02-25T16:16:42.099+0000] {logging_mixin.py:137} WARNING - /home/airflow/.local/lib/python3.9/site-packages/airflow/utils/sqlalchemy.py:121 DeprecationWarning: The sql_alchemy_conn option in [core] has been moved to the sql_alchemy_conn option in [database] - the old setting has been used, but please update your config.
[2023-02-25T16:16:42.185+0000] {task_command.py:389} INFO - Running <TaskInstance: ETL.extract_transform_hits scheduled__2022-01-02T00:00:00+00:00 [running]> on host b032489a94fe
[2023-02-25T16:16:42.333+0000] {taskinstance.py:1511} INFO - Exporting the following env vars:
AIRFLOW_CTX_DAG_OWNER=airflow
AIRFLOW_CTX_DAG_ID=ETL
AIRFLOW_CTX_TASK_ID=extract_transform_hits
AIRFLOW_CTX_EXECUTION_DATE=2022-01-02T00:00:00+00:00
AIRFLOW_CTX_TRY_NUMBER=1
AIRFLOW_CTX_DAG_RUN_ID=scheduled__2022-01-02T00:00:00+00:00
[2023-02-25T16:16:56.962+0000] {logging_mixin.py:137} INFO - Saved 73499 rows to a CSV
[2023-02-25T16:16:57.114+0000] {python.py:177} INFO - Done. Returned value was: None
[2023-02-25T16:16:57.184+0000] {taskinstance.py:1322} INFO - Marking task as SUCCESS. dag_id=ETL, task_id=extract_transform_hits, execution_date=20220102T000000, start_date=20230225T161641, end_date=20230225T161657
[2023-02-25T16:16:57.270+0000] {local_task_job.py:159} INFO - Task exited with return code 0
[2023-02-25T16:16:57.310+0000] {taskinstance.py:2582} INFO - 1 downstream tasks scheduled from follow-on schedule check
