[2023-02-25T16:17:54.646+0000] {taskinstance.py:1087} INFO - Dependencies all met for <TaskInstance: ETL.extract_transform_hits scheduled__2022-01-04T00:00:00+00:00 [queued]>
[2023-02-25T16:17:54.663+0000] {taskinstance.py:1087} INFO - Dependencies all met for <TaskInstance: ETL.extract_transform_hits scheduled__2022-01-04T00:00:00+00:00 [queued]>
[2023-02-25T16:17:54.664+0000] {taskinstance.py:1283} INFO - 
--------------------------------------------------------------------------------
[2023-02-25T16:17:54.666+0000] {taskinstance.py:1284} INFO - Starting attempt 1 of 2
[2023-02-25T16:17:54.668+0000] {taskinstance.py:1285} INFO - 
--------------------------------------------------------------------------------
[2023-02-25T16:17:54.688+0000] {taskinstance.py:1304} INFO - Executing <Task(PythonOperator): extract_transform_hits> on 2022-01-04 00:00:00+00:00
[2023-02-25T16:17:54.701+0000] {standard_task_runner.py:55} INFO - Started process 254 to run task
[2023-02-25T16:17:54.710+0000] {standard_task_runner.py:82} INFO - Running: ['airflow', 'tasks', 'run', 'ETL', 'extract_transform_hits', 'scheduled__2022-01-04T00:00:00+00:00', '--job-id', '16', '--raw', '--subdir', 'DAGS_FOLDER/json_to_sql_dag.py', '--cfg-path', '/tmp/tmpw6tsblb5']
[2023-02-25T16:17:54.726+0000] {standard_task_runner.py:83} INFO - Job 16: Subtask extract_transform_hits
[2023-02-25T16:17:54.784+0000] {logging_mixin.py:137} WARNING - /home/airflow/.local/lib/python3.9/site-packages/airflow/settings.py:249 DeprecationWarning: The sql_alchemy_conn option in [core] has been moved to the sql_alchemy_conn option in [database] - the old setting has been used, but please update your config.
[2023-02-25T16:17:54.834+0000] {logging_mixin.py:137} WARNING - /home/airflow/.local/lib/python3.9/site-packages/airflow/utils/sqlalchemy.py:121 DeprecationWarning: The sql_alchemy_conn option in [core] has been moved to the sql_alchemy_conn option in [database] - the old setting has been used, but please update your config.
[2023-02-25T16:17:54.915+0000] {task_command.py:389} INFO - Running <TaskInstance: ETL.extract_transform_hits scheduled__2022-01-04T00:00:00+00:00 [running]> on host b032489a94fe
[2023-02-25T16:17:55.037+0000] {taskinstance.py:1511} INFO - Exporting the following env vars:
AIRFLOW_CTX_DAG_OWNER=airflow
AIRFLOW_CTX_DAG_ID=ETL
AIRFLOW_CTX_TASK_ID=extract_transform_hits
AIRFLOW_CTX_EXECUTION_DATE=2022-01-04T00:00:00+00:00
AIRFLOW_CTX_TRY_NUMBER=1
AIRFLOW_CTX_DAG_RUN_ID=scheduled__2022-01-04T00:00:00+00:00
[2023-02-25T16:18:13.182+0000] {logging_mixin.py:137} INFO - Saved 91576 rows to a CSV
[2023-02-25T16:18:13.273+0000] {python.py:177} INFO - Done. Returned value was: None
[2023-02-25T16:18:13.305+0000] {taskinstance.py:1322} INFO - Marking task as SUCCESS. dag_id=ETL, task_id=extract_transform_hits, execution_date=20220104T000000, start_date=20230225T161754, end_date=20230225T161813
[2023-02-25T16:18:13.385+0000] {local_task_job.py:159} INFO - Task exited with return code 0
[2023-02-25T16:18:13.427+0000] {taskinstance.py:2582} INFO - 1 downstream tasks scheduled from follow-on schedule check
