[2023-02-25T16:13:41.371+0000] {manager.py:483} INFO - Processing files using up to 2 processes at a time 
[2023-02-25T16:13:41.377+0000] {manager.py:484} INFO - Process each file at most once every 30 seconds
[2023-02-25T16:13:41.380+0000] {manager.py:485} INFO - Checking for new files in /opt/airflow/dags every 300 seconds
[2023-02-25T16:13:41.385+0000] {manager.py:726} INFO - Searching for files in /opt/airflow/dags
[2023-02-25T16:13:41.452+0000] {manager.py:729} INFO - There are 1 files in /opt/airflow/dags
[2023-02-25T16:13:41.682+0000] {manager.py:851} INFO - 
================================================================================
DAG File Processing Stats

File Path                               PID  Runtime      # DAGs    # Errors  Last Runtime    Last Run
------------------------------------  -----  ---------  --------  ----------  --------------  ----------
/opt/airflow/dags/json_to_sql_dag.py    161  0.10s             0           0
================================================================================
[2023-02-25T16:14:12.013+0000] {manager.py:851} INFO - 
================================================================================
DAG File Processing Stats

File Path                             PID    Runtime      # DAGs    # Errors  Last Runtime    Last Run
------------------------------------  -----  ---------  --------  ----------  --------------  -------------------
/opt/airflow/dags/json_to_sql_dag.py                           1           0  2.86s           2023-02-25T16:13:44
================================================================================
[2023-02-25T16:14:42.305+0000] {manager.py:851} INFO - 
================================================================================
DAG File Processing Stats

File Path                             PID    Runtime      # DAGs    # Errors  Last Runtime    Last Run
------------------------------------  -----  ---------  --------  ----------  --------------  -------------------
/opt/airflow/dags/json_to_sql_dag.py                           1           0  0.86s           2023-02-25T16:14:15
================================================================================
[2023-02-25T16:15:12.523+0000] {manager.py:851} INFO - 
================================================================================
DAG File Processing Stats

File Path                             PID    Runtime      # DAGs    # Errors  Last Runtime    Last Run
------------------------------------  -----  ---------  --------  ----------  --------------  -------------------
/opt/airflow/dags/json_to_sql_dag.py                           1           0  1.16s           2023-02-25T16:14:46
================================================================================
[2023-02-25T16:15:42.944+0000] {manager.py:851} INFO - 
================================================================================
DAG File Processing Stats

File Path                             PID    Runtime      # DAGs    # Errors  Last Runtime    Last Run
------------------------------------  -----  ---------  --------  ----------  --------------  -------------------
/opt/airflow/dags/json_to_sql_dag.py                           1           0  1.76s           2023-02-25T16:15:19
================================================================================
[2023-02-25T16:16:13.836+0000] {manager.py:851} INFO - 
================================================================================
DAG File Processing Stats

File Path                             PID    Runtime      # DAGs    # Errors  Last Runtime    Last Run
------------------------------------  -----  ---------  --------  ----------  --------------  -------------------
/opt/airflow/dags/json_to_sql_dag.py                           1           0  1.14s           2023-02-25T16:15:50
================================================================================
[2023-02-25T16:16:44.038+0000] {manager.py:851} INFO - 
================================================================================
DAG File Processing Stats

File Path                             PID    Runtime      # DAGs    # Errors  Last Runtime    Last Run
------------------------------------  -----  ---------  --------  ----------  --------------  -------------------
/opt/airflow/dags/json_to_sql_dag.py                           1           0  0.90s           2023-02-25T16:16:21
================================================================================
[2023-02-25T16:17:14.246+0000] {manager.py:851} INFO - 
================================================================================
DAG File Processing Stats

File Path                             PID    Runtime      # DAGs    # Errors  Last Runtime    Last Run
------------------------------------  -----  ---------  --------  ----------  --------------  -------------------
/opt/airflow/dags/json_to_sql_dag.py                           1           0  2.74s           2023-02-25T16:16:55
================================================================================
[2023-02-25T16:17:44.300+0000] {manager.py:851} INFO - 
================================================================================
DAG File Processing Stats

File Path                             PID    Runtime      # DAGs    # Errors  Last Runtime    Last Run
------------------------------------  -----  ---------  --------  ----------  --------------  -------------------
/opt/airflow/dags/json_to_sql_dag.py                           1           0  1.86s           2023-02-25T16:17:27
================================================================================
[2023-02-25T16:18:14.931+0000] {manager.py:851} INFO - 
================================================================================
DAG File Processing Stats

File Path                             PID    Runtime      # DAGs    # Errors  Last Runtime    Last Run
------------------------------------  -----  ---------  --------  ----------  --------------  -------------------
/opt/airflow/dags/json_to_sql_dag.py                           1           0  2.60s           2023-02-25T16:18:00
================================================================================
[2023-02-25T16:18:41.400+0000] {manager.py:726} INFO - Searching for files in /opt/airflow/dags
[2023-02-25T16:18:41.488+0000] {manager.py:729} INFO - There are 1 files in /opt/airflow/dags
[2023-02-25T16:18:46.290+0000] {manager.py:851} INFO - 
================================================================================
DAG File Processing Stats

File Path                             PID    Runtime      # DAGs    # Errors  Last Runtime    Last Run
------------------------------------  -----  ---------  --------  ----------  --------------  -------------------
/opt/airflow/dags/json_to_sql_dag.py                           1           0  1.32s           2023-02-25T16:18:31
================================================================================
[2023-02-25T16:19:16.482+0000] {manager.py:851} INFO - 
================================================================================
DAG File Processing Stats

File Path                             PID    Runtime      # DAGs    # Errors  Last Runtime    Last Run
------------------------------------  -----  ---------  --------  ----------  --------------  -------------------
/opt/airflow/dags/json_to_sql_dag.py                           1           0  1.49s           2023-02-25T16:19:03
================================================================================
[2023-02-25T16:19:47.064+0000] {manager.py:851} INFO - 
================================================================================
DAG File Processing Stats

File Path                             PID    Runtime      # DAGs    # Errors  Last Runtime    Last Run
------------------------------------  -----  ---------  --------  ----------  --------------  -------------------
/opt/airflow/dags/json_to_sql_dag.py                           1           0  1.06s           2023-02-25T16:19:34
================================================================================
[2023-02-25T16:20:17.367+0000] {manager.py:851} INFO - 
================================================================================
DAG File Processing Stats

File Path                             PID    Runtime      # DAGs    # Errors  Last Runtime    Last Run
------------------------------------  -----  ---------  --------  ----------  --------------  -------------------
/opt/airflow/dags/json_to_sql_dag.py                           1           0  1.27s           2023-02-25T16:20:06
================================================================================
[2023-02-25T16:20:47.761+0000] {manager.py:851} INFO - 
================================================================================
DAG File Processing Stats

File Path                             PID    Runtime      # DAGs    # Errors  Last Runtime    Last Run
------------------------------------  -----  ---------  --------  ----------  --------------  -------------------
/opt/airflow/dags/json_to_sql_dag.py                           1           0  2.18s           2023-02-25T16:20:38
================================================================================
[2023-02-25T16:21:18.139+0000] {manager.py:851} INFO - 
================================================================================
DAG File Processing Stats

File Path                             PID    Runtime      # DAGs    # Errors  Last Runtime    Last Run
------------------------------------  -----  ---------  --------  ----------  --------------  -------------------
/opt/airflow/dags/json_to_sql_dag.py                           1           0  1.06s           2023-02-25T16:21:10
================================================================================
[2023-02-25T16:21:48.641+0000] {manager.py:851} INFO - 
================================================================================
DAG File Processing Stats

File Path                             PID    Runtime      # DAGs    # Errors  Last Runtime    Last Run
------------------------------------  -----  ---------  --------  ----------  --------------  -------------------
/opt/airflow/dags/json_to_sql_dag.py                           1           0  1.37s           2023-02-25T16:21:41
================================================================================
[2023-02-25T16:22:19.056+0000] {manager.py:851} INFO - 
================================================================================
DAG File Processing Stats

File Path                             PID    Runtime      # DAGs    # Errors  Last Runtime    Last Run
------------------------------------  -----  ---------  --------  ----------  --------------  -------------------
/opt/airflow/dags/json_to_sql_dag.py                           1           0  1.76s           2023-02-25T16:22:13
================================================================================
[2023-02-25T16:22:50.032+0000] {manager.py:851} INFO - 
================================================================================
DAG File Processing Stats

File Path                             PID    Runtime      # DAGs    # Errors  Last Runtime    Last Run
------------------------------------  -----  ---------  --------  ----------  --------------  -------------------
/opt/airflow/dags/json_to_sql_dag.py                           1           0  1.04s           2023-02-25T16:22:45
================================================================================
[2023-02-25T16:23:20.325+0000] {manager.py:851} INFO - 
================================================================================
DAG File Processing Stats

File Path                             PID    Runtime      # DAGs    # Errors  Last Runtime    Last Run
------------------------------------  -----  ---------  --------  ----------  --------------  -------------------
/opt/airflow/dags/json_to_sql_dag.py                           1           0  1.22s           2023-02-25T16:23:16
================================================================================
[2023-02-25T16:23:41.530+0000] {manager.py:726} INFO - Searching for files in /opt/airflow/dags
[2023-02-25T16:23:41.568+0000] {manager.py:729} INFO - There are 1 files in /opt/airflow/dags
[2023-02-25T16:23:50.566+0000] {manager.py:851} INFO - 
================================================================================
DAG File Processing Stats

File Path                             PID    Runtime      # DAGs    # Errors  Last Runtime    Last Run
------------------------------------  -----  ---------  --------  ----------  --------------  -------------------
/opt/airflow/dags/json_to_sql_dag.py                           1           0  0.90s           2023-02-25T16:23:47
================================================================================
[2023-02-25T16:24:20.912+0000] {manager.py:851} INFO - 
================================================================================
DAG File Processing Stats

File Path                             PID    Runtime      # DAGs    # Errors  Last Runtime    Last Run
------------------------------------  -----  ---------  --------  ----------  --------------  -------------------
/opt/airflow/dags/json_to_sql_dag.py                           1           0  1.15s           2023-02-25T16:24:18
================================================================================
[2023-02-25T16:24:51.141+0000] {manager.py:851} INFO - 
================================================================================
DAG File Processing Stats

File Path                             PID    Runtime      # DAGs    # Errors  Last Runtime    Last Run
------------------------------------  -----  ---------  --------  ----------  --------------  -------------------
/opt/airflow/dags/json_to_sql_dag.py                           1           0  0.94s           2023-02-25T16:24:50
================================================================================
[2023-02-25T16:25:21.411+0000] {manager.py:851} INFO - 
================================================================================
DAG File Processing Stats

File Path                               PID  Runtime      # DAGs    # Errors  Last Runtime    Last Run
------------------------------------  -----  ---------  --------  ----------  --------------  -------------------
/opt/airflow/dags/json_to_sql_dag.py    354  1.02s             1           0  0.94s           2023-02-25T16:24:50
================================================================================
[2023-02-25T16:25:51.653+0000] {manager.py:851} INFO - 
================================================================================
DAG File Processing Stats

File Path                               PID  Runtime      # DAGs    # Errors  Last Runtime    Last Run
------------------------------------  -----  ---------  --------  ----------  --------------  -------------------
/opt/airflow/dags/json_to_sql_dag.py    360  0.01s             1           0  1.07s           2023-02-25T16:25:21
================================================================================
[2023-02-25T16:26:21.752+0000] {manager.py:851} INFO - 
================================================================================
DAG File Processing Stats

File Path                             PID    Runtime      # DAGs    # Errors  Last Runtime    Last Run
------------------------------------  -----  ---------  --------  ----------  --------------  -------------------
/opt/airflow/dags/json_to_sql_dag.py                           1           0  0.88s           2023-02-25T16:25:52
================================================================================
[2023-02-25T16:26:52.177+0000] {manager.py:851} INFO - 
================================================================================
DAG File Processing Stats

File Path                             PID    Runtime      # DAGs    # Errors  Last Runtime    Last Run
------------------------------------  -----  ---------  --------  ----------  --------------  -------------------
/opt/airflow/dags/json_to_sql_dag.py                           1           0  1.47s           2023-02-25T16:26:24
================================================================================
[2023-02-25T16:27:22.733+0000] {manager.py:851} INFO - 
================================================================================
DAG File Processing Stats

File Path                             PID    Runtime      # DAGs    # Errors  Last Runtime    Last Run
------------------------------------  -----  ---------  --------  ----------  --------------  -------------------
/opt/airflow/dags/json_to_sql_dag.py                           1           0  1.65s           2023-02-25T16:26:55
================================================================================
[2023-02-25T16:27:53.060+0000] {manager.py:851} INFO - 
================================================================================
DAG File Processing Stats

File Path                             PID    Runtime      # DAGs    # Errors  Last Runtime    Last Run
------------------------------------  -----  ---------  --------  ----------  --------------  -------------------
/opt/airflow/dags/json_to_sql_dag.py                           1           0  0.98s           2023-02-25T16:27:27
================================================================================
[2023-02-25T16:28:23.602+0000] {manager.py:851} INFO - 
================================================================================
DAG File Processing Stats

File Path                             PID    Runtime      # DAGs    # Errors  Last Runtime    Last Run
------------------------------------  -----  ---------  --------  ----------  --------------  -------------------
/opt/airflow/dags/json_to_sql_dag.py                           1           0  1.03s           2023-02-25T16:27:58
================================================================================
[2023-02-25T16:28:41.649+0000] {manager.py:726} INFO - Searching for files in /opt/airflow/dags
[2023-02-25T16:28:41.673+0000] {manager.py:729} INFO - There are 1 files in /opt/airflow/dags
[2023-02-25T16:28:53.798+0000] {manager.py:851} INFO - 
================================================================================
DAG File Processing Stats

File Path                             PID    Runtime      # DAGs    # Errors  Last Runtime    Last Run
------------------------------------  -----  ---------  --------  ----------  --------------  -------------------
/opt/airflow/dags/json_to_sql_dag.py                           1           0  0.91s           2023-02-25T16:28:29
================================================================================
[2023-02-25T16:29:23.948+0000] {manager.py:851} INFO - 
================================================================================
DAG File Processing Stats

File Path                             PID    Runtime      # DAGs    # Errors  Last Runtime    Last Run
------------------------------------  -----  ---------  --------  ----------  --------------  -------------------
/opt/airflow/dags/json_to_sql_dag.py                           1           0  0.88s           2023-02-25T16:29:00
================================================================================
[2023-02-25T16:29:54.177+0000] {manager.py:851} INFO - 
================================================================================
DAG File Processing Stats

File Path                             PID    Runtime      # DAGs    # Errors  Last Runtime    Last Run
------------------------------------  -----  ---------  --------  ----------  --------------  -------------------
/opt/airflow/dags/json_to_sql_dag.py                           1           0  1.06s           2023-02-25T16:29:32
================================================================================
[2023-02-25T16:30:24.276+0000] {manager.py:851} INFO - 
================================================================================
DAG File Processing Stats

File Path                             PID    Runtime      # DAGs    # Errors  Last Runtime    Last Run
------------------------------------  -----  ---------  --------  ----------  --------------  -------------------
/opt/airflow/dags/json_to_sql_dag.py                           1           0  0.86s           2023-02-25T16:30:03
================================================================================
[2023-02-25T16:30:54.456+0000] {manager.py:851} INFO - 
================================================================================
DAG File Processing Stats

File Path                             PID    Runtime      # DAGs    # Errors  Last Runtime    Last Run
------------------------------------  -----  ---------  --------  ----------  --------------  -------------------
/opt/airflow/dags/json_to_sql_dag.py                           1           0  0.96s           2023-02-25T16:30:34
================================================================================
[2023-02-25T16:31:24.849+0000] {manager.py:851} INFO - 
================================================================================
DAG File Processing Stats

File Path                             PID    Runtime      # DAGs    # Errors  Last Runtime    Last Run
------------------------------------  -----  ---------  --------  ----------  --------------  -------------------
/opt/airflow/dags/json_to_sql_dag.py                           1           0  1.20s           2023-02-25T16:31:05
================================================================================
[2023-02-25T16:31:55.100+0000] {manager.py:851} INFO - 
================================================================================
DAG File Processing Stats

File Path                             PID    Runtime      # DAGs    # Errors  Last Runtime    Last Run
------------------------------------  -----  ---------  --------  ----------  --------------  -------------------
/opt/airflow/dags/json_to_sql_dag.py                           1           0  0.97s           2023-02-25T16:31:36
================================================================================
[2023-02-25T16:32:25.324+0000] {manager.py:851} INFO - 
================================================================================
DAG File Processing Stats

File Path                             PID    Runtime      # DAGs    # Errors  Last Runtime    Last Run
------------------------------------  -----  ---------  --------  ----------  --------------  -------------------
/opt/airflow/dags/json_to_sql_dag.py                           1           0  1.02s           2023-02-25T16:32:08
================================================================================
[2023-02-25T16:32:55.539+0000] {manager.py:851} INFO - 
================================================================================
DAG File Processing Stats

File Path                             PID    Runtime      # DAGs    # Errors  Last Runtime    Last Run
------------------------------------  -----  ---------  --------  ----------  --------------  -------------------
/opt/airflow/dags/json_to_sql_dag.py                           1           0  0.97s           2023-02-25T16:32:39
================================================================================
[2023-02-25T16:33:25.693+0000] {manager.py:851} INFO - 
================================================================================
DAG File Processing Stats

File Path                             PID    Runtime      # DAGs    # Errors  Last Runtime    Last Run
------------------------------------  -----  ---------  --------  ----------  --------------  -------------------
/opt/airflow/dags/json_to_sql_dag.py                           1           0  0.91s           2023-02-25T16:33:10
================================================================================
[2023-02-25T16:33:41.826+0000] {manager.py:726} INFO - Searching for files in /opt/airflow/dags
[2023-02-25T16:33:41.855+0000] {manager.py:729} INFO - There are 1 files in /opt/airflow/dags
[2023-02-25T16:33:56.065+0000] {manager.py:851} INFO - 
================================================================================
DAG File Processing Stats

File Path                             PID    Runtime      # DAGs    # Errors  Last Runtime    Last Run
------------------------------------  -----  ---------  --------  ----------  --------------  -------------------
/opt/airflow/dags/json_to_sql_dag.py                           1           0  1.10s           2023-02-25T16:33:41
================================================================================
[2023-02-25T16:34:26.312+0000] {manager.py:851} INFO - 
================================================================================
DAG File Processing Stats

File Path                             PID    Runtime      # DAGs    # Errors  Last Runtime    Last Run
------------------------------------  -----  ---------  --------  ----------  --------------  -------------------
/opt/airflow/dags/json_to_sql_dag.py                           1           0  1.01s           2023-02-25T16:34:13
================================================================================
[2023-02-25T16:34:56.590+0000] {manager.py:851} INFO - 
================================================================================
DAG File Processing Stats

File Path                             PID    Runtime      # DAGs    # Errors  Last Runtime    Last Run
------------------------------------  -----  ---------  --------  ----------  --------------  -------------------
/opt/airflow/dags/json_to_sql_dag.py                           1           0  1.14s           2023-02-25T16:34:44
================================================================================
[2023-02-25T16:35:27.007+0000] {manager.py:851} INFO - 
================================================================================
DAG File Processing Stats

File Path                             PID    Runtime      # DAGs    # Errors  Last Runtime    Last Run
------------------------------------  -----  ---------  --------  ----------  --------------  -------------------
/opt/airflow/dags/json_to_sql_dag.py                           1           0  1.33s           2023-02-25T16:35:16
================================================================================
[2023-02-25T16:35:57.265+0000] {manager.py:851} INFO - 
================================================================================
DAG File Processing Stats

File Path                             PID    Runtime      # DAGs    # Errors  Last Runtime    Last Run
------------------------------------  -----  ---------  --------  ----------  --------------  -------------------
/opt/airflow/dags/json_to_sql_dag.py                           1           0  1.12s           2023-02-25T16:35:47
================================================================================
[2023-02-25T16:36:27.542+0000] {manager.py:851} INFO - 
================================================================================
DAG File Processing Stats

File Path                             PID    Runtime      # DAGs    # Errors  Last Runtime    Last Run
------------------------------------  -----  ---------  --------  ----------  --------------  -------------------
/opt/airflow/dags/json_to_sql_dag.py                           1           0  1.13s           2023-02-25T16:36:18
================================================================================
[2023-02-25T16:36:58.085+0000] {manager.py:851} INFO - 
================================================================================
DAG File Processing Stats

File Path                             PID    Runtime      # DAGs    # Errors  Last Runtime    Last Run
------------------------------------  -----  ---------  --------  ----------  --------------  -------------------
/opt/airflow/dags/json_to_sql_dag.py                           1           0  0.93s           2023-02-25T16:36:49
================================================================================
[2023-02-25T16:37:28.474+0000] {manager.py:851} INFO - 
================================================================================
DAG File Processing Stats

File Path                             PID    Runtime      # DAGs    # Errors  Last Runtime    Last Run
------------------------------------  -----  ---------  --------  ----------  --------------  -------------------
/opt/airflow/dags/json_to_sql_dag.py                           1           0  1.12s           2023-02-25T16:37:21
================================================================================
[2023-02-25T16:37:58.829+0000] {manager.py:851} INFO - 
================================================================================
DAG File Processing Stats

File Path                             PID    Runtime      # DAGs    # Errors  Last Runtime    Last Run
------------------------------------  -----  ---------  --------  ----------  --------------  -------------------
/opt/airflow/dags/json_to_sql_dag.py                           1           0  1.07s           2023-02-25T16:37:52
================================================================================
[2023-02-25T16:38:29.077+0000] {manager.py:851} INFO - 
================================================================================
DAG File Processing Stats

File Path                             PID    Runtime      # DAGs    # Errors  Last Runtime    Last Run
------------------------------------  -----  ---------  --------  ----------  --------------  -------------------
/opt/airflow/dags/json_to_sql_dag.py                           1           0  1.01s           2023-02-25T16:38:24
================================================================================
[2023-02-25T16:38:42.301+0000] {manager.py:726} INFO - Searching for files in /opt/airflow/dags
[2023-02-25T16:38:42.332+0000] {manager.py:729} INFO - There are 1 files in /opt/airflow/dags
[2023-02-25T16:38:59.468+0000] {manager.py:851} INFO - 
================================================================================
DAG File Processing Stats

File Path                             PID    Runtime      # DAGs    # Errors  Last Runtime    Last Run
------------------------------------  -----  ---------  --------  ----------  --------------  -------------------
/opt/airflow/dags/json_to_sql_dag.py                           1           0  0.87s           2023-02-25T16:38:55
================================================================================
