[2023-02-25T16:18:29.001+0000] {taskinstance.py:1087} INFO - Dependencies all met for <TaskInstance: ETL.extract_transform_hits scheduled__2022-01-05T00:00:00+00:00 [queued]>
[2023-02-25T16:18:29.019+0000] {taskinstance.py:1087} INFO - Dependencies all met for <TaskInstance: ETL.extract_transform_hits scheduled__2022-01-05T00:00:00+00:00 [queued]>
[2023-02-25T16:18:29.021+0000] {taskinstance.py:1283} INFO - 
--------------------------------------------------------------------------------
[2023-02-25T16:18:29.023+0000] {taskinstance.py:1284} INFO - Starting attempt 1 of 2
[2023-02-25T16:18:29.025+0000] {taskinstance.py:1285} INFO - 
--------------------------------------------------------------------------------
[2023-02-25T16:18:29.045+0000] {taskinstance.py:1304} INFO - Executing <Task(PythonOperator): extract_transform_hits> on 2022-01-05 00:00:00+00:00
[2023-02-25T16:18:29.056+0000] {standard_task_runner.py:55} INFO - Started process 272 to run task
[2023-02-25T16:18:29.066+0000] {standard_task_runner.py:82} INFO - Running: ['airflow', 'tasks', 'run', 'ETL', 'extract_transform_hits', 'scheduled__2022-01-05T00:00:00+00:00', '--job-id', '20', '--raw', '--subdir', 'DAGS_FOLDER/json_to_sql_dag.py', '--cfg-path', '/tmp/tmp3rn0xkq1']
[2023-02-25T16:18:29.071+0000] {standard_task_runner.py:83} INFO - Job 20: Subtask extract_transform_hits
[2023-02-25T16:18:29.104+0000] {logging_mixin.py:137} WARNING - /home/airflow/.local/lib/python3.9/site-packages/airflow/settings.py:249 DeprecationWarning: The sql_alchemy_conn option in [core] has been moved to the sql_alchemy_conn option in [database] - the old setting has been used, but please update your config.
[2023-02-25T16:18:29.171+0000] {logging_mixin.py:137} WARNING - /home/airflow/.local/lib/python3.9/site-packages/airflow/utils/sqlalchemy.py:121 DeprecationWarning: The sql_alchemy_conn option in [core] has been moved to the sql_alchemy_conn option in [database] - the old setting has been used, but please update your config.
[2023-02-25T16:18:29.279+0000] {task_command.py:389} INFO - Running <TaskInstance: ETL.extract_transform_hits scheduled__2022-01-05T00:00:00+00:00 [running]> on host b032489a94fe
[2023-02-25T16:18:29.406+0000] {taskinstance.py:1511} INFO - Exporting the following env vars:
AIRFLOW_CTX_DAG_OWNER=airflow
AIRFLOW_CTX_DAG_ID=ETL
AIRFLOW_CTX_TASK_ID=extract_transform_hits
AIRFLOW_CTX_EXECUTION_DATE=2022-01-05T00:00:00+00:00
AIRFLOW_CTX_TRY_NUMBER=1
AIRFLOW_CTX_DAG_RUN_ID=scheduled__2022-01-05T00:00:00+00:00
[2023-02-25T16:18:50.832+0000] {logging_mixin.py:137} INFO - Saved 92170 rows to a CSV
[2023-02-25T16:18:51.297+0000] {python.py:177} INFO - Done. Returned value was: None
[2023-02-25T16:18:51.357+0000] {taskinstance.py:1322} INFO - Marking task as SUCCESS. dag_id=ETL, task_id=extract_transform_hits, execution_date=20220105T000000, start_date=20230225T161829, end_date=20230225T161851
[2023-02-25T16:18:51.703+0000] {local_task_job.py:159} INFO - Task exited with return code 0
[2023-02-25T16:18:51.760+0000] {taskinstance.py:2582} INFO - 0 downstream tasks scheduled from follow-on schedule check
