[2023-02-25T16:16:38.114+0000] {taskinstance.py:1087} INFO - Dependencies all met for <TaskInstance: ETL.load_sessions_to_postgres scheduled__2022-01-02T00:00:00+00:00 [queued]>
[2023-02-25T16:16:38.132+0000] {taskinstance.py:1087} INFO - Dependencies all met for <TaskInstance: ETL.load_sessions_to_postgres scheduled__2022-01-02T00:00:00+00:00 [queued]>
[2023-02-25T16:16:38.134+0000] {taskinstance.py:1283} INFO - 
--------------------------------------------------------------------------------
[2023-02-25T16:16:38.137+0000] {taskinstance.py:1284} INFO - Starting attempt 1 of 2
[2023-02-25T16:16:38.139+0000] {taskinstance.py:1285} INFO - 
--------------------------------------------------------------------------------
[2023-02-25T16:16:38.175+0000] {taskinstance.py:1304} INFO - Executing <Task(PythonOperator): load_sessions_to_postgres> on 2022-01-02 00:00:00+00:00
[2023-02-25T16:16:38.186+0000] {standard_task_runner.py:55} INFO - Started process 215 to run task
[2023-02-25T16:16:38.196+0000] {standard_task_runner.py:82} INFO - Running: ['airflow', 'tasks', 'run', 'ETL', 'load_sessions_to_postgres', 'scheduled__2022-01-02T00:00:00+00:00', '--job-id', '7', '--raw', '--subdir', 'DAGS_FOLDER/json_to_sql_dag.py', '--cfg-path', '/tmp/tmphw9v8dug']
[2023-02-25T16:16:38.202+0000] {standard_task_runner.py:83} INFO - Job 7: Subtask load_sessions_to_postgres
[2023-02-25T16:16:38.235+0000] {logging_mixin.py:137} WARNING - /home/airflow/.local/lib/python3.9/site-packages/airflow/settings.py:249 DeprecationWarning: The sql_alchemy_conn option in [core] has been moved to the sql_alchemy_conn option in [database] - the old setting has been used, but please update your config.
[2023-02-25T16:16:38.277+0000] {logging_mixin.py:137} WARNING - /home/airflow/.local/lib/python3.9/site-packages/airflow/utils/sqlalchemy.py:121 DeprecationWarning: The sql_alchemy_conn option in [core] has been moved to the sql_alchemy_conn option in [database] - the old setting has been used, but please update your config.
[2023-02-25T16:16:38.349+0000] {task_command.py:389} INFO - Running <TaskInstance: ETL.load_sessions_to_postgres scheduled__2022-01-02T00:00:00+00:00 [running]> on host b032489a94fe
[2023-02-25T16:16:38.462+0000] {taskinstance.py:1511} INFO - Exporting the following env vars:
AIRFLOW_CTX_DAG_OWNER=airflow
AIRFLOW_CTX_DAG_ID=ETL
AIRFLOW_CTX_TASK_ID=load_sessions_to_postgres
AIRFLOW_CTX_EXECUTION_DATE=2022-01-02T00:00:00+00:00
AIRFLOW_CTX_TRY_NUMBER=1
AIRFLOW_CTX_DAG_RUN_ID=scheduled__2022-01-02T00:00:00+00:00
[2023-02-25T16:16:39.739+0000] {python.py:177} INFO - Done. Returned value was: None
[2023-02-25T16:16:39.768+0000] {taskinstance.py:1322} INFO - Marking task as SUCCESS. dag_id=ETL, task_id=load_sessions_to_postgres, execution_date=20220102T000000, start_date=20230225T161638, end_date=20230225T161639
[2023-02-25T16:16:39.821+0000] {local_task_job.py:159} INFO - Task exited with return code 0
[2023-02-25T16:16:39.869+0000] {taskinstance.py:2582} INFO - 1 downstream tasks scheduled from follow-on schedule check
