[2023-02-25T16:16:59.280+0000] {taskinstance.py:1087} INFO - Dependencies all met for <TaskInstance: ETL.load_hits_to_postgres scheduled__2022-01-02T00:00:00+00:00 [queued]>
[2023-02-25T16:16:59.300+0000] {taskinstance.py:1087} INFO - Dependencies all met for <TaskInstance: ETL.load_hits_to_postgres scheduled__2022-01-02T00:00:00+00:00 [queued]>
[2023-02-25T16:16:59.303+0000] {taskinstance.py:1283} INFO - 
--------------------------------------------------------------------------------
[2023-02-25T16:16:59.306+0000] {taskinstance.py:1284} INFO - Starting attempt 1 of 2
[2023-02-25T16:16:59.308+0000] {taskinstance.py:1285} INFO - 
--------------------------------------------------------------------------------
[2023-02-25T16:16:59.329+0000] {taskinstance.py:1304} INFO - Executing <Task(PythonOperator): load_hits_to_postgres> on 2022-01-02 00:00:00+00:00
[2023-02-25T16:16:59.341+0000] {standard_task_runner.py:55} INFO - Started process 227 to run task
[2023-02-25T16:16:59.347+0000] {standard_task_runner.py:82} INFO - Running: ['airflow', 'tasks', 'run', 'ETL', 'load_hits_to_postgres', 'scheduled__2022-01-02T00:00:00+00:00', '--job-id', '9', '--raw', '--subdir', 'DAGS_FOLDER/json_to_sql_dag.py', '--cfg-path', '/tmp/tmpb7pcjsq8']
[2023-02-25T16:16:59.352+0000] {standard_task_runner.py:83} INFO - Job 9: Subtask load_hits_to_postgres
[2023-02-25T16:16:59.385+0000] {logging_mixin.py:137} WARNING - /home/airflow/.local/lib/python3.9/site-packages/airflow/settings.py:249 DeprecationWarning: The sql_alchemy_conn option in [core] has been moved to the sql_alchemy_conn option in [database] - the old setting has been used, but please update your config.
[2023-02-25T16:16:59.423+0000] {logging_mixin.py:137} WARNING - /home/airflow/.local/lib/python3.9/site-packages/airflow/utils/sqlalchemy.py:121 DeprecationWarning: The sql_alchemy_conn option in [core] has been moved to the sql_alchemy_conn option in [database] - the old setting has been used, but please update your config.
[2023-02-25T16:16:59.484+0000] {task_command.py:389} INFO - Running <TaskInstance: ETL.load_hits_to_postgres scheduled__2022-01-02T00:00:00+00:00 [running]> on host b032489a94fe
[2023-02-25T16:16:59.595+0000] {taskinstance.py:1511} INFO - Exporting the following env vars:
AIRFLOW_CTX_DAG_OWNER=airflow
AIRFLOW_CTX_DAG_ID=ETL
AIRFLOW_CTX_TASK_ID=load_hits_to_postgres
AIRFLOW_CTX_EXECUTION_DATE=2022-01-02T00:00:00+00:00
AIRFLOW_CTX_TRY_NUMBER=1
AIRFLOW_CTX_DAG_RUN_ID=scheduled__2022-01-02T00:00:00+00:00
[2023-02-25T16:17:08.411+0000] {python.py:177} INFO - Done. Returned value was: None
[2023-02-25T16:17:08.493+0000] {taskinstance.py:1322} INFO - Marking task as SUCCESS. dag_id=ETL, task_id=load_hits_to_postgres, execution_date=20220102T000000, start_date=20230225T161659, end_date=20230225T161708
[2023-02-25T16:17:08.588+0000] {local_task_job.py:159} INFO - Task exited with return code 0
[2023-02-25T16:17:08.622+0000] {taskinstance.py:2582} INFO - 0 downstream tasks scheduled from follow-on schedule check
